[2018-02-28T11:02:23.039] [INFO] default - [::1 GET / 200 13ms][ HTTP/1.1 Mozilla/5.0 (Windows NT 6.1; Win64; x64) AppleWebKit/537.36 (KHTML, like Gecko) Chrome/63.0.3239.132 Safari/537.36]
[2018-02-28T11:02:23.359] [INFO] default - [::1 GET /css/style.css 200 5ms][http://localhost:8080/ HTTP/1.1 Mozilla/5.0 (Windows NT 6.1; Win64; x64) AppleWebKit/537.36 (KHTML, like Gecko) Chrome/63.0.3239.132 Safari/537.36]
[2018-02-28T11:02:23.360] [INFO] default - [::1 GET /css/bootstrap.css 200 8ms][http://localhost:8080/ HTTP/1.1 Mozilla/5.0 (Windows NT 6.1; Win64; x64) AppleWebKit/537.36 (KHTML, like Gecko) Chrome/63.0.3239.132 Safari/537.36]
[2018-02-28T11:02:23.362] [INFO] default - [::1 GET /css/magnific-popup.css 200 6ms][http://localhost:8080/ HTTP/1.1 Mozilla/5.0 (Windows NT 6.1; Win64; x64) AppleWebKit/537.36 (KHTML, like Gecko) Chrome/63.0.3239.132 Safari/537.36]
[2018-02-28T11:02:23.371] [INFO] default - [::1 GET /css/iconfont-style.css 200 10ms][http://localhost:8080/ HTTP/1.1 Mozilla/5.0 (Windows NT 6.1; Win64; x64) AppleWebKit/537.36 (KHTML, like Gecko) Chrome/63.0.3239.132 Safari/537.36]
[2018-02-28T11:02:23.372] [INFO] default - [::1 GET /lib/jquery-1.11.2.min.js 200 2ms][http://localhost:8080/ HTTP/1.1 Mozilla/5.0 (Windows NT 6.1; Win64; x64) AppleWebKit/537.36 (KHTML, like Gecko) Chrome/63.0.3239.132 Safari/537.36]
[2018-02-28T11:02:23.378] [INFO] default - [::1 GET /lib/bootstrap.min.js 200 1ms][http://localhost:8080/ HTTP/1.1 Mozilla/5.0 (Windows NT 6.1; Win64; x64) AppleWebKit/537.36 (KHTML, like Gecko) Chrome/63.0.3239.132 Safari/537.36]
[2018-02-28T11:02:23.383] [INFO] default - [::1 GET /lib/jquery.validate.min.js 200 2ms][http://localhost:8080/ HTTP/1.1 Mozilla/5.0 (Windows NT 6.1; Win64; x64) AppleWebKit/537.36 (KHTML, like Gecko) Chrome/63.0.3239.132 Safari/537.36]
[2018-02-28T11:02:23.391] [INFO] default - [::1 GET /lib/smoothscroll.js 200 2ms][http://localhost:8080/ HTTP/1.1 Mozilla/5.0 (Windows NT 6.1; Win64; x64) AppleWebKit/537.36 (KHTML, like Gecko) Chrome/63.0.3239.132 Safari/537.36]
[2018-02-28T11:02:23.399] [INFO] default - [::1 GET /lib/jquery.smooth-scroll.min.js 200 2ms][http://localhost:8080/ HTTP/1.1 Mozilla/5.0 (Windows NT 6.1; Win64; x64) AppleWebKit/537.36 (KHTML, like Gecko) Chrome/63.0.3239.132 Safari/537.36]
[2018-02-28T11:02:23.401] [INFO] default - [::1 GET /lib/placeholders.jquery.min.js 200 4ms][http://localhost:8080/ HTTP/1.1 Mozilla/5.0 (Windows NT 6.1; Win64; x64) AppleWebKit/537.36 (KHTML, like Gecko) Chrome/63.0.3239.132 Safari/537.36]
[2018-02-28T11:02:23.402] [INFO] default - [::1 GET /lib/jquery.magnific-popup.min.js 200 3ms][http://localhost:8080/ HTTP/1.1 Mozilla/5.0 (Windows NT 6.1; Win64; x64) AppleWebKit/537.36 (KHTML, like Gecko) Chrome/63.0.3239.132 Safari/537.36]
[2018-02-28T11:02:23.413] [INFO] default - [::1 GET /lib/jquery.counterup.min.js 200 6ms][http://localhost:8080/ HTTP/1.1 Mozilla/5.0 (Windows NT 6.1; Win64; x64) AppleWebKit/537.36 (KHTML, like Gecko) Chrome/63.0.3239.132 Safari/537.36]
[2018-02-28T11:02:23.415] [INFO] default - [::1 GET /lib/video.js 200 7ms][http://localhost:8080/ HTTP/1.1 Mozilla/5.0 (Windows NT 6.1; Win64; x64) AppleWebKit/537.36 (KHTML, like Gecko) Chrome/63.0.3239.132 Safari/537.36]
[2018-02-28T11:02:23.418] [INFO] default - [::1 GET /lib/waypoints.min.js 200 10ms][http://localhost:8080/ HTTP/1.1 Mozilla/5.0 (Windows NT 6.1; Win64; x64) AppleWebKit/537.36 (KHTML, like Gecko) Chrome/63.0.3239.132 Safari/537.36]
[2018-02-28T11:02:23.421] [INFO] default - [::1 GET /lib/bigvideo.js 200 11ms][http://localhost:8080/ HTTP/1.1 Mozilla/5.0 (Windows NT 6.1; Win64; x64) AppleWebKit/537.36 (KHTML, like Gecko) Chrome/63.0.3239.132 Safari/537.36]
[2018-02-28T11:02:23.421] [INFO] default - [::1 GET /lib/custom.js 200 10ms][http://localhost:8080/ HTTP/1.1 Mozilla/5.0 (Windows NT 6.1; Win64; x64) AppleWebKit/537.36 (KHTML, like Gecko) Chrome/63.0.3239.132 Safari/537.36]
[2018-02-28T11:02:23.422] [INFO] default - [::1 GET /scripts/index.js 200 6ms][http://localhost:8080/ HTTP/1.1 Mozilla/5.0 (Windows NT 6.1; Win64; x64) AppleWebKit/537.36 (KHTML, like Gecko) Chrome/63.0.3239.132 Safari/537.36]
[2018-02-28T11:02:23.431] [INFO] default - [::1 GET /images/customer-photo.jpg 200 1ms][http://localhost:8080/ HTTP/1.1 Mozilla/5.0 (Windows NT 6.1; Win64; x64) AppleWebKit/537.36 (KHTML, like Gecko) Chrome/63.0.3239.132 Safari/537.36]
[2018-02-28T11:02:23.432] [INFO] default - [::1 GET /images/logo.png 200 3ms][http://localhost:8080/ HTTP/1.1 Mozilla/5.0 (Windows NT 6.1; Win64; x64) AppleWebKit/537.36 (KHTML, like Gecko) Chrome/63.0.3239.132 Safari/537.36]
[2018-02-28T11:02:23.433] [INFO] default - [::1 GET /images/center-block-bg2.png 200 3ms][http://localhost:8080/ HTTP/1.1 Mozilla/5.0 (Windows NT 6.1; Win64; x64) AppleWebKit/537.36 (KHTML, like Gecko) Chrome/63.0.3239.132 Safari/537.36]
[2018-02-28T11:02:23.805] [INFO] default - [::1 GET /images/pattern-bg2.png 200 5ms][http://localhost:8080/ HTTP/1.1 Mozilla/5.0 (Windows NT 6.1; Win64; x64) AppleWebKit/537.36 (KHTML, like Gecko) Chrome/63.0.3239.132 Safari/537.36]
[2018-02-28T11:02:23.807] [INFO] default - [::1 GET /images/gym-2.jpg 200 7ms][http://localhost:8080/ HTTP/1.1 Mozilla/5.0 (Windows NT 6.1; Win64; x64) AppleWebKit/537.36 (KHTML, like Gecko) Chrome/63.0.3239.132 Safari/537.36]
[2018-02-28T11:02:23.808] [INFO] default - [::1 GET /fonts/iconfont.woff?-8vg322 200 13ms][http://localhost:8080/css/iconfont-style.css HTTP/1.1 Mozilla/5.0 (Windows NT 6.1; Win64; x64) AppleWebKit/537.36 (KHTML, like Gecko) Chrome/63.0.3239.132 Safari/537.36]
[2018-02-28T11:02:23.809] [INFO] default - [::1 GET /images/gym-1.jpg 200 10ms][http://localhost:8080/ HTTP/1.1 Mozilla/5.0 (Windows NT 6.1; Win64; x64) AppleWebKit/537.36 (KHTML, like Gecko) Chrome/63.0.3239.132 Safari/537.36]
[2018-02-28T11:02:23.810] [INFO] default - [::1 GET /images/gym-3.jpg 200 10ms][http://localhost:8080/ HTTP/1.1 Mozilla/5.0 (Windows NT 6.1; Win64; x64) AppleWebKit/537.36 (KHTML, like Gecko) Chrome/63.0.3239.132 Safari/537.36]
[2018-02-28T11:02:23.822] [INFO] default - [::1 GET /images/gym-4.jpg 200 3ms][http://localhost:8080/ HTTP/1.1 Mozilla/5.0 (Windows NT 6.1; Win64; x64) AppleWebKit/537.36 (KHTML, like Gecko) Chrome/63.0.3239.132 Safari/537.36]
[2018-02-28T11:02:23.823] [INFO] default - [::1 GET /images/bg-map.jpg 200 4ms][http://localhost:8080/ HTTP/1.1 Mozilla/5.0 (Windows NT 6.1; Win64; x64) AppleWebKit/537.36 (KHTML, like Gecko) Chrome/63.0.3239.132 Safari/537.36]
[2018-02-28T11:02:24.494] [INFO] default - [::1 GET /images/kid-notebook-computer-learns-159533.jpeg 200 697ms][http://localhost:8080/ HTTP/1.1 Mozilla/5.0 (Windows NT 6.1; Win64; x64) AppleWebKit/537.36 (KHTML, like Gecko) Chrome/63.0.3239.132 Safari/537.36]
[2018-02-28T11:02:24.524] [INFO] default - [::1 GET /images/favicons/favicon.png 200 2ms][http://localhost:8080/ HTTP/1.1 Mozilla/5.0 (Windows NT 6.1; Win64; x64) AppleWebKit/537.36 (KHTML, like Gecko) Chrome/63.0.3239.132 Safari/537.36]
[2018-02-28T15:31:24.541] [INFO] default - [::1 GET / 200 12ms][ HTTP/1.1 Mozilla/5.0 (Windows NT 6.1; Win64; x64) AppleWebKit/537.36 (KHTML, like Gecko) Chrome/63.0.3239.132 Safari/537.36]
[2018-02-28T15:31:24.899] [INFO] default - [::1 GET /css/bootstrap.css 304 5ms][http://localhost:3000/ HTTP/1.1 Mozilla/5.0 (Windows NT 6.1; Win64; x64) AppleWebKit/537.36 (KHTML, like Gecko) Chrome/63.0.3239.132 Safari/537.36]
[2018-02-28T15:31:24.902] [INFO] default - [::1 GET /css/style.css 304 1ms][http://localhost:3000/ HTTP/1.1 Mozilla/5.0 (Windows NT 6.1; Win64; x64) AppleWebKit/537.36 (KHTML, like Gecko) Chrome/63.0.3239.132 Safari/537.36]
[2018-02-28T15:31:24.903] [INFO] default - [::1 GET /css/magnific-popup.css 304 1ms][http://localhost:3000/ HTTP/1.1 Mozilla/5.0 (Windows NT 6.1; Win64; x64) AppleWebKit/537.36 (KHTML, like Gecko) Chrome/63.0.3239.132 Safari/537.36]
[2018-02-28T15:31:24.904] [INFO] default - [::1 GET /css/iconfont-style.css 304 1ms][http://localhost:3000/ HTTP/1.1 Mozilla/5.0 (Windows NT 6.1; Win64; x64) AppleWebKit/537.36 (KHTML, like Gecko) Chrome/63.0.3239.132 Safari/537.36]
[2018-02-28T15:31:24.916] [INFO] default - [::1 GET /lib/jquery-1.11.2.min.js 200 4ms][http://localhost:3000/ HTTP/1.1 Mozilla/5.0 (Windows NT 6.1; Win64; x64) AppleWebKit/537.36 (KHTML, like Gecko) Chrome/63.0.3239.132 Safari/537.36]
[2018-02-28T15:31:24.922] [INFO] default - [::1 GET /lib/bootstrap.min.js 304 0ms][http://localhost:3000/ HTTP/1.1 Mozilla/5.0 (Windows NT 6.1; Win64; x64) AppleWebKit/537.36 (KHTML, like Gecko) Chrome/63.0.3239.132 Safari/537.36]
[2018-02-28T15:31:24.970] [INFO] default - [::1 GET /lib/jquery.validate.min.js 304 6ms][http://localhost:3000/ HTTP/1.1 Mozilla/5.0 (Windows NT 6.1; Win64; x64) AppleWebKit/537.36 (KHTML, like Gecko) Chrome/63.0.3239.132 Safari/537.36]
[2018-02-28T15:31:24.971] [INFO] default - [::1 GET /lib/smoothscroll.js 304 1ms][http://localhost:3000/ HTTP/1.1 Mozilla/5.0 (Windows NT 6.1; Win64; x64) AppleWebKit/537.36 (KHTML, like Gecko) Chrome/63.0.3239.132 Safari/537.36]
[2018-02-28T15:31:24.977] [INFO] default - [::1 GET /lib/jquery.smooth-scroll.min.js 304 1ms][http://localhost:3000/ HTTP/1.1 Mozilla/5.0 (Windows NT 6.1; Win64; x64) AppleWebKit/537.36 (KHTML, like Gecko) Chrome/63.0.3239.132 Safari/537.36]
[2018-02-28T15:31:24.981] [INFO] default - [::1 GET /lib/placeholders.jquery.min.js 304 1ms][http://localhost:3000/ HTTP/1.1 Mozilla/5.0 (Windows NT 6.1; Win64; x64) AppleWebKit/537.36 (KHTML, like Gecko) Chrome/63.0.3239.132 Safari/537.36]
[2018-02-28T15:31:24.982] [INFO] default - [::1 GET /lib/jquery.magnific-popup.min.js 304 4ms][http://localhost:3000/ HTTP/1.1 Mozilla/5.0 (Windows NT 6.1; Win64; x64) AppleWebKit/537.36 (KHTML, like Gecko) Chrome/63.0.3239.132 Safari/537.36]
[2018-02-28T15:31:24.985] [INFO] default - [::1 GET /lib/jquery.counterup.min.js 304 2ms][http://localhost:3000/ HTTP/1.1 Mozilla/5.0 (Windows NT 6.1; Win64; x64) AppleWebKit/537.36 (KHTML, like Gecko) Chrome/63.0.3239.132 Safari/537.36]
[2018-02-28T15:31:24.993] [INFO] default - [::1 GET /lib/waypoints.min.js 304 2ms][http://localhost:3000/ HTTP/1.1 Mozilla/5.0 (Windows NT 6.1; Win64; x64) AppleWebKit/537.36 (KHTML, like Gecko) Chrome/63.0.3239.132 Safari/537.36]
[2018-02-28T15:31:24.994] [INFO] default - [::1 GET /lib/video.js 304 3ms][http://localhost:3000/ HTTP/1.1 Mozilla/5.0 (Windows NT 6.1; Win64; x64) AppleWebKit/537.36 (KHTML, like Gecko) Chrome/63.0.3239.132 Safari/537.36]
[2018-02-28T15:31:24.995] [INFO] default - [::1 GET /lib/bigvideo.js 304 2ms][http://localhost:3000/ HTTP/1.1 Mozilla/5.0 (Windows NT 6.1; Win64; x64) AppleWebKit/537.36 (KHTML, like Gecko) Chrome/63.0.3239.132 Safari/537.36]
[2018-02-28T15:31:24.995] [INFO] default - [::1 GET /lib/custom.js 304 3ms][http://localhost:3000/ HTTP/1.1 Mozilla/5.0 (Windows NT 6.1; Win64; x64) AppleWebKit/537.36 (KHTML, like Gecko) Chrome/63.0.3239.132 Safari/537.36]
[2018-02-28T15:31:24.999] [INFO] default - [::1 GET /scripts/index.js 200 3ms][http://localhost:3000/ HTTP/1.1 Mozilla/5.0 (Windows NT 6.1; Win64; x64) AppleWebKit/537.36 (KHTML, like Gecko) Chrome/63.0.3239.132 Safari/537.36]
[2018-02-28T15:31:25.003] [INFO] default - [::1 GET /images/logo.png 304 1ms][http://localhost:3000/ HTTP/1.1 Mozilla/5.0 (Windows NT 6.1; Win64; x64) AppleWebKit/537.36 (KHTML, like Gecko) Chrome/63.0.3239.132 Safari/537.36]
[2018-02-28T15:31:25.004] [INFO] default - [::1 GET /images/customer-photo.jpg 304 1ms][http://localhost:3000/ HTTP/1.1 Mozilla/5.0 (Windows NT 6.1; Win64; x64) AppleWebKit/537.36 (KHTML, like Gecko) Chrome/63.0.3239.132 Safari/537.36]
[2018-02-28T15:31:25.007] [INFO] default - [::1 GET /images/center-block-bg2.png 304 2ms][http://localhost:3000/ HTTP/1.1 Mozilla/5.0 (Windows NT 6.1; Win64; x64) AppleWebKit/537.36 (KHTML, like Gecko) Chrome/63.0.3239.132 Safari/537.36]
[2018-02-28T15:31:25.031] [INFO] default - [::1 GET /fonts/iconfont.woff?-8vg322 304 1ms][http://localhost:3000/css/iconfont-style.css HTTP/1.1 Mozilla/5.0 (Windows NT 6.1; Win64; x64) AppleWebKit/537.36 (KHTML, like Gecko) Chrome/63.0.3239.132 Safari/537.36]
[2018-02-28T15:31:25.037] [INFO] default - [::1 GET /images/pattern-bg2.png 304 1ms][http://localhost:3000/ HTTP/1.1 Mozilla/5.0 (Windows NT 6.1; Win64; x64) AppleWebKit/537.36 (KHTML, like Gecko) Chrome/63.0.3239.132 Safari/537.36]
[2018-02-28T15:31:25.039] [INFO] default - [::1 GET /images/gym-1.jpg 304 1ms][http://localhost:3000/ HTTP/1.1 Mozilla/5.0 (Windows NT 6.1; Win64; x64) AppleWebKit/537.36 (KHTML, like Gecko) Chrome/63.0.3239.132 Safari/537.36]
[2018-02-28T15:31:25.044] [INFO] default - [::1 GET /images/gym-2.jpg 304 1ms][http://localhost:3000/ HTTP/1.1 Mozilla/5.0 (Windows NT 6.1; Win64; x64) AppleWebKit/537.36 (KHTML, like Gecko) Chrome/63.0.3239.132 Safari/537.36]
[2018-02-28T15:31:25.045] [INFO] default - [::1 GET /images/gym-3.jpg 304 1ms][http://localhost:3000/ HTTP/1.1 Mozilla/5.0 (Windows NT 6.1; Win64; x64) AppleWebKit/537.36 (KHTML, like Gecko) Chrome/63.0.3239.132 Safari/537.36]
[2018-02-28T15:31:25.047] [INFO] default - [::1 GET /images/gym-4.jpg 304 1ms][http://localhost:3000/ HTTP/1.1 Mozilla/5.0 (Windows NT 6.1; Win64; x64) AppleWebKit/537.36 (KHTML, like Gecko) Chrome/63.0.3239.132 Safari/537.36]
[2018-02-28T15:31:25.056] [INFO] default - [::1 GET /images/bg-map.jpg 304 0ms][http://localhost:3000/ HTTP/1.1 Mozilla/5.0 (Windows NT 6.1; Win64; x64) AppleWebKit/537.36 (KHTML, like Gecko) Chrome/63.0.3239.132 Safari/537.36]
[2018-02-28T15:31:25.057] [INFO] default - [::1 GET /images/kid-notebook-computer-learns-159533.jpg 200 27ms][http://localhost:3000/ HTTP/1.1 Mozilla/5.0 (Windows NT 6.1; Win64; x64) AppleWebKit/537.36 (KHTML, like Gecko) Chrome/63.0.3239.132 Safari/537.36]
