[2018-02-23T10:16:44.521] [INFO] default - [::1 GET / 304 9ms][ HTTP/1.1 Mozilla/5.0 (Windows NT 6.1; Win64; x64) AppleWebKit/537.36 (KHTML, like Gecko) Chrome/63.0.3239.132 Safari/537.36]
[2018-02-23T10:16:45.191] [INFO] default - [::1 GET /css/bootstrap.css 304 2ms][http://localhost:3000/ HTTP/1.1 Mozilla/5.0 (Windows NT 6.1; Win64; x64) AppleWebKit/537.36 (KHTML, like Gecko) Chrome/63.0.3239.132 Safari/537.36]
[2018-02-23T10:16:45.197] [INFO] default - [::1 GET /css/style.css 304 2ms][http://localhost:3000/ HTTP/1.1 Mozilla/5.0 (Windows NT 6.1; Win64; x64) AppleWebKit/537.36 (KHTML, like Gecko) Chrome/63.0.3239.132 Safari/537.36]
[2018-02-23T10:16:45.200] [INFO] default - [::1 GET /css/magnific-popup.css 304 3ms][http://localhost:3000/ HTTP/1.1 Mozilla/5.0 (Windows NT 6.1; Win64; x64) AppleWebKit/537.36 (KHTML, like Gecko) Chrome/63.0.3239.132 Safari/537.36]
[2018-02-23T10:16:45.202] [INFO] default - [::1 GET /css/iconfont-style.css 304 3ms][http://localhost:3000/ HTTP/1.1 Mozilla/5.0 (Windows NT 6.1; Win64; x64) AppleWebKit/537.36 (KHTML, like Gecko) Chrome/63.0.3239.132 Safari/537.36]
[2018-02-23T10:16:45.210] [INFO] default - [::1 GET /lib/jquery-1.11.2.min.js 304 3ms][http://localhost:3000/ HTTP/1.1 Mozilla/5.0 (Windows NT 6.1; Win64; x64) AppleWebKit/537.36 (KHTML, like Gecko) Chrome/63.0.3239.132 Safari/537.36]
[2018-02-23T10:16:45.230] [INFO] default - [::1 GET /lib/bootstrap.min.js 304 1ms][http://localhost:3000/ HTTP/1.1 Mozilla/5.0 (Windows NT 6.1; Win64; x64) AppleWebKit/537.36 (KHTML, like Gecko) Chrome/63.0.3239.132 Safari/537.36]
[2018-02-23T10:16:45.244] [INFO] default - [::1 GET /lib/jquery.validate.min.js 304 3ms][http://localhost:3000/ HTTP/1.1 Mozilla/5.0 (Windows NT 6.1; Win64; x64) AppleWebKit/537.36 (KHTML, like Gecko) Chrome/63.0.3239.132 Safari/537.36]
[2018-02-23T10:16:45.245] [INFO] default - [::1 GET /lib/jquery.smooth-scroll.min.js 304 1ms][http://localhost:3000/ HTTP/1.1 Mozilla/5.0 (Windows NT 6.1; Win64; x64) AppleWebKit/537.36 (KHTML, like Gecko) Chrome/63.0.3239.132 Safari/537.36]
[2018-02-23T10:16:45.246] [INFO] default - [::1 GET /lib/smoothscroll.js 304 3ms][http://localhost:3000/ HTTP/1.1 Mozilla/5.0 (Windows NT 6.1; Win64; x64) AppleWebKit/537.36 (KHTML, like Gecko) Chrome/63.0.3239.132 Safari/537.36]
[2018-02-23T10:16:45.247] [INFO] default - [::1 GET /lib/placeholders.jquery.min.js 304 4ms][http://localhost:3000/ HTTP/1.1 Mozilla/5.0 (Windows NT 6.1; Win64; x64) AppleWebKit/537.36 (KHTML, like Gecko) Chrome/63.0.3239.132 Safari/537.36]
[2018-02-23T10:16:45.249] [INFO] default - [::1 GET /lib/jquery.magnific-popup.min.js 304 4ms][http://localhost:3000/ HTTP/1.1 Mozilla/5.0 (Windows NT 6.1; Win64; x64) AppleWebKit/537.36 (KHTML, like Gecko) Chrome/63.0.3239.132 Safari/537.36]
[2018-02-23T10:16:45.253] [INFO] default - [::1 GET /lib/jquery.counterup.min.js 304 2ms][http://localhost:3000/ HTTP/1.1 Mozilla/5.0 (Windows NT 6.1; Win64; x64) AppleWebKit/537.36 (KHTML, like Gecko) Chrome/63.0.3239.132 Safari/537.36]
[2018-02-23T10:16:45.261] [INFO] default - [::1 GET /lib/waypoints.min.js 304 3ms][http://localhost:3000/ HTTP/1.1 Mozilla/5.0 (Windows NT 6.1; Win64; x64) AppleWebKit/537.36 (KHTML, like Gecko) Chrome/63.0.3239.132 Safari/537.36]
[2018-02-23T10:16:45.266] [INFO] default - [::1 GET /lib/video.js 304 4ms][http://localhost:3000/ HTTP/1.1 Mozilla/5.0 (Windows NT 6.1; Win64; x64) AppleWebKit/537.36 (KHTML, like Gecko) Chrome/63.0.3239.132 Safari/537.36]
[2018-02-23T10:16:45.267] [INFO] default - [::1 GET /lib/bigvideo.js 304 5ms][http://localhost:3000/ HTTP/1.1 Mozilla/5.0 (Windows NT 6.1; Win64; x64) AppleWebKit/537.36 (KHTML, like Gecko) Chrome/63.0.3239.132 Safari/537.36]
[2018-02-23T10:16:45.269] [INFO] default - [::1 GET /lib/custom.js 304 7ms][http://localhost:3000/ HTTP/1.1 Mozilla/5.0 (Windows NT 6.1; Win64; x64) AppleWebKit/537.36 (KHTML, like Gecko) Chrome/63.0.3239.132 Safari/537.36]
[2018-02-23T10:16:45.270] [INFO] default - [::1 GET /images/logo.png 304 5ms][http://localhost:3000/ HTTP/1.1 Mozilla/5.0 (Windows NT 6.1; Win64; x64) AppleWebKit/537.36 (KHTML, like Gecko) Chrome/63.0.3239.132 Safari/537.36]
[2018-02-23T10:16:45.270] [INFO] default - [::1 GET /images/customer-photo.jpg 304 2ms][http://localhost:3000/ HTTP/1.1 Mozilla/5.0 (Windows NT 6.1; Win64; x64) AppleWebKit/537.36 (KHTML, like Gecko) Chrome/63.0.3239.132 Safari/537.36]
[2018-02-23T10:16:45.271] [INFO] default - [::1 GET /scripts/index.js 304 8ms][http://localhost:3000/ HTTP/1.1 Mozilla/5.0 (Windows NT 6.1; Win64; x64) AppleWebKit/537.36 (KHTML, like Gecko) Chrome/63.0.3239.132 Safari/537.36]
[2018-02-23T10:16:45.287] [INFO] default - [::1 GET /images/center-block-bg2.png 304 4ms][http://localhost:3000/ HTTP/1.1 Mozilla/5.0 (Windows NT 6.1; Win64; x64) AppleWebKit/537.36 (KHTML, like Gecko) Chrome/63.0.3239.132 Safari/537.36]
[2018-02-23T10:16:45.288] [INFO] default - [::1 GET /images/kid-notebook-computer-learns-159533.jpeg 304 4ms][http://localhost:3000/ HTTP/1.1 Mozilla/5.0 (Windows NT 6.1; Win64; x64) AppleWebKit/537.36 (KHTML, like Gecko) Chrome/63.0.3239.132 Safari/537.36]
[2018-02-23T10:16:45.290] [INFO] default - [::1 GET /images/pattern-bg2.png 304 4ms][http://localhost:3000/ HTTP/1.1 Mozilla/5.0 (Windows NT 6.1; Win64; x64) AppleWebKit/537.36 (KHTML, like Gecko) Chrome/63.0.3239.132 Safari/537.36]
[2018-02-23T10:16:45.290] [INFO] default - [::1 GET /images/gym-1.jpg 304 5ms][http://localhost:3000/ HTTP/1.1 Mozilla/5.0 (Windows NT 6.1; Win64; x64) AppleWebKit/537.36 (KHTML, like Gecko) Chrome/63.0.3239.132 Safari/537.36]
[2018-02-23T10:16:45.291] [INFO] default - [::1 GET /images/gym-3.jpg 304 5ms][http://localhost:3000/ HTTP/1.1 Mozilla/5.0 (Windows NT 6.1; Win64; x64) AppleWebKit/537.36 (KHTML, like Gecko) Chrome/63.0.3239.132 Safari/537.36]
[2018-02-23T10:16:45.292] [INFO] default - [::1 GET /images/gym-2.jpg 304 7ms][http://localhost:3000/ HTTP/1.1 Mozilla/5.0 (Windows NT 6.1; Win64; x64) AppleWebKit/537.36 (KHTML, like Gecko) Chrome/63.0.3239.132 Safari/537.36]
[2018-02-23T10:16:45.309] [INFO] default - [::1 GET /images/gym-4.jpg 304 4ms][http://localhost:3000/ HTTP/1.1 Mozilla/5.0 (Windows NT 6.1; Win64; x64) AppleWebKit/537.36 (KHTML, like Gecko) Chrome/63.0.3239.132 Safari/537.36]
[2018-02-23T10:16:45.310] [INFO] default - [::1 GET /images/bg-map.jpg 304 5ms][http://localhost:3000/ HTTP/1.1 Mozilla/5.0 (Windows NT 6.1; Win64; x64) AppleWebKit/537.36 (KHTML, like Gecko) Chrome/63.0.3239.132 Safari/537.36]
[2018-02-23T10:16:45.542] [INFO] default - [::1 GET /fonts/iconfont.woff?-8vg322 304 1ms][http://localhost:3000/css/iconfont-style.css HTTP/1.1 Mozilla/5.0 (Windows NT 6.1; Win64; x64) AppleWebKit/537.36 (KHTML, like Gecko) Chrome/63.0.3239.132 Safari/537.36]
[2018-02-23T10:17:10.471] [INFO] default - [::1 GET /applyList 304 4ms][ HTTP/1.1 Mozilla/5.0 (Windows NT 6.1; Win64; x64) AppleWebKit/537.36 (KHTML, like Gecko) Chrome/63.0.3239.132 Safari/537.36]
[2018-02-23T10:17:10.496] [INFO] default - [::1 GET /lib/jquery-1.11.2.min.js 304 3ms][http://localhost:3000/applyList HTTP/1.1 Mozilla/5.0 (Windows NT 6.1; Win64; x64) AppleWebKit/537.36 (KHTML, like Gecko) Chrome/63.0.3239.132 Safari/537.36]
[2018-02-23T10:17:10.498] [INFO] default - [::1 GET /css/bootstrap.css 304 5ms][http://localhost:3000/applyList HTTP/1.1 Mozilla/5.0 (Windows NT 6.1; Win64; x64) AppleWebKit/537.36 (KHTML, like Gecko) Chrome/63.0.3239.132 Safari/537.36]
[2018-02-23T10:17:10.500] [INFO] default - [::1 GET /lib/bootstrap.min.js 304 5ms][http://localhost:3000/applyList HTTP/1.1 Mozilla/5.0 (Windows NT 6.1; Win64; x64) AppleWebKit/537.36 (KHTML, like Gecko) Chrome/63.0.3239.132 Safari/537.36]
[2018-02-23T10:17:10.502] [INFO] default - [::1 GET /scripts/applyList.js 304 1ms][http://localhost:3000/applyList HTTP/1.1 Mozilla/5.0 (Windows NT 6.1; Win64; x64) AppleWebKit/537.36 (KHTML, like Gecko) Chrome/63.0.3239.132 Safari/537.36]
[2018-02-23T10:17:10.597] [INFO] default - [::1 GET /api/applyList 200 20ms][http://localhost:3000/applyList HTTP/1.1 Mozilla/5.0 (Windows NT 6.1; Win64; x64) AppleWebKit/537.36 (KHTML, like Gecko) Chrome/63.0.3239.132 Safari/537.36]
[2018-02-23T10:25:01.570] [INFO] default - [::1 GET /applyList 200 15ms][ HTTP/1.1 Mozilla/5.0 (Windows NT 6.1; Win64; x64) AppleWebKit/537.36 (KHTML, like Gecko) Chrome/63.0.3239.132 Safari/537.36]
[2018-02-23T10:25:01.597] [INFO] default - [::1 GET /css/bootstrap.css 304 9ms][http://localhost:3000/applyList HTTP/1.1 Mozilla/5.0 (Windows NT 6.1; Win64; x64) AppleWebKit/537.36 (KHTML, like Gecko) Chrome/63.0.3239.132 Safari/537.36]
[2018-02-23T10:25:01.598] [INFO] default - [::1 GET /css/style.css 304 9ms][http://localhost:3000/applyList HTTP/1.1 Mozilla/5.0 (Windows NT 6.1; Win64; x64) AppleWebKit/537.36 (KHTML, like Gecko) Chrome/63.0.3239.132 Safari/537.36]
[2018-02-23T10:25:01.600] [INFO] default - [::1 GET /css/magnific-popup.css 304 10ms][http://localhost:3000/applyList HTTP/1.1 Mozilla/5.0 (Windows NT 6.1; Win64; x64) AppleWebKit/537.36 (KHTML, like Gecko) Chrome/63.0.3239.132 Safari/537.36]
[2018-02-23T10:25:01.603] [INFO] default - [::1 GET /css/iconfont-style.css 304 2ms][http://localhost:3000/applyList HTTP/1.1 Mozilla/5.0 (Windows NT 6.1; Win64; x64) AppleWebKit/537.36 (KHTML, like Gecko) Chrome/63.0.3239.132 Safari/537.36]
[2018-02-23T10:25:01.606] [INFO] default - [::1 GET /lib/jquery-1.11.2.min.js 304 0ms][http://localhost:3000/applyList HTTP/1.1 Mozilla/5.0 (Windows NT 6.1; Win64; x64) AppleWebKit/537.36 (KHTML, like Gecko) Chrome/63.0.3239.132 Safari/537.36]
[2018-02-23T10:25:01.610] [INFO] default - [::1 GET /lib/bootstrap.min.js 304 1ms][http://localhost:3000/applyList HTTP/1.1 Mozilla/5.0 (Windows NT 6.1; Win64; x64) AppleWebKit/537.36 (KHTML, like Gecko) Chrome/63.0.3239.132 Safari/537.36]
[2018-02-23T10:25:01.613] [INFO] default - [::1 GET /lib/jquery.validate.min.js 304 1ms][http://localhost:3000/applyList HTTP/1.1 Mozilla/5.0 (Windows NT 6.1; Win64; x64) AppleWebKit/537.36 (KHTML, like Gecko) Chrome/63.0.3239.132 Safari/537.36]
[2018-02-23T10:25:01.618] [INFO] default - [::1 GET /lib/smoothscroll.js 304 0ms][http://localhost:3000/applyList HTTP/1.1 Mozilla/5.0 (Windows NT 6.1; Win64; x64) AppleWebKit/537.36 (KHTML, like Gecko) Chrome/63.0.3239.132 Safari/537.36]
[2018-02-23T10:25:01.623] [INFO] default - [::1 GET /lib/jquery.smooth-scroll.min.js 304 1ms][http://localhost:3000/applyList HTTP/1.1 Mozilla/5.0 (Windows NT 6.1; Win64; x64) AppleWebKit/537.36 (KHTML, like Gecko) Chrome/63.0.3239.132 Safari/537.36]
[2018-02-23T10:25:01.634] [INFO] default - [::1 GET /lib/placeholders.jquery.min.js 304 1ms][http://localhost:3000/applyList HTTP/1.1 Mozilla/5.0 (Windows NT 6.1; Win64; x64) AppleWebKit/537.36 (KHTML, like Gecko) Chrome/63.0.3239.132 Safari/537.36]
[2018-02-23T10:25:01.637] [INFO] default - [::1 GET /lib/jquery.magnific-popup.min.js 304 1ms][http://localhost:3000/applyList HTTP/1.1 Mozilla/5.0 (Windows NT 6.1; Win64; x64) AppleWebKit/537.36 (KHTML, like Gecko) Chrome/63.0.3239.132 Safari/537.36]
[2018-02-23T10:25:01.639] [INFO] default - [::1 GET /lib/jquery.counterup.min.js 304 1ms][http://localhost:3000/applyList HTTP/1.1 Mozilla/5.0 (Windows NT 6.1; Win64; x64) AppleWebKit/537.36 (KHTML, like Gecko) Chrome/63.0.3239.132 Safari/537.36]
[2018-02-23T10:25:01.640] [INFO] default - [::1 GET /lib/waypoints.min.js 304 2ms][http://localhost:3000/applyList HTTP/1.1 Mozilla/5.0 (Windows NT 6.1; Win64; x64) AppleWebKit/537.36 (KHTML, like Gecko) Chrome/63.0.3239.132 Safari/537.36]
[2018-02-23T10:25:01.644] [INFO] default - [::1 GET /lib/video.js 304 1ms][http://localhost:3000/applyList HTTP/1.1 Mozilla/5.0 (Windows NT 6.1; Win64; x64) AppleWebKit/537.36 (KHTML, like Gecko) Chrome/63.0.3239.132 Safari/537.36]
[2018-02-23T10:25:01.647] [INFO] default - [::1 GET /lib/bigvideo.js 304 2ms][http://localhost:3000/applyList HTTP/1.1 Mozilla/5.0 (Windows NT 6.1; Win64; x64) AppleWebKit/537.36 (KHTML, like Gecko) Chrome/63.0.3239.132 Safari/537.36]
[2018-02-23T10:25:01.649] [INFO] default - [::1 GET /scripts/index.js 304 2ms][http://localhost:3000/applyList HTTP/1.1 Mozilla/5.0 (Windows NT 6.1; Win64; x64) AppleWebKit/537.36 (KHTML, like Gecko) Chrome/63.0.3239.132 Safari/537.36]
[2018-02-23T10:25:01.652] [INFO] default - [::1 GET /images/logo.png 304 2ms][http://localhost:3000/applyList HTTP/1.1 Mozilla/5.0 (Windows NT 6.1; Win64; x64) AppleWebKit/537.36 (KHTML, like Gecko) Chrome/63.0.3239.132 Safari/537.36]
[2018-02-23T10:25:01.653] [INFO] default - [::1 GET /images/customer-photo.jpg 304 1ms][http://localhost:3000/applyList HTTP/1.1 Mozilla/5.0 (Windows NT 6.1; Win64; x64) AppleWebKit/537.36 (KHTML, like Gecko) Chrome/63.0.3239.132 Safari/537.36]
[2018-02-23T10:25:01.653] [INFO] default - [::1 GET /lib/custom.js 304 8ms][http://localhost:3000/applyList HTTP/1.1 Mozilla/5.0 (Windows NT 6.1; Win64; x64) AppleWebKit/537.36 (KHTML, like Gecko) Chrome/63.0.3239.132 Safari/537.36]
[2018-02-23T10:25:01.655] [INFO] default - [::1 GET /images/center-block-bg2.png 304 1ms][http://localhost:3000/applyList HTTP/1.1 Mozilla/5.0 (Windows NT 6.1; Win64; x64) AppleWebKit/537.36 (KHTML, like Gecko) Chrome/63.0.3239.132 Safari/537.36]
[2018-02-23T10:25:01.725] [INFO] default - [::1 GET /fonts/iconfont.woff?-8vg322 304 1ms][http://localhost:3000/css/iconfont-style.css HTTP/1.1 Mozilla/5.0 (Windows NT 6.1; Win64; x64) AppleWebKit/537.36 (KHTML, like Gecko) Chrome/63.0.3239.132 Safari/537.36]
[2018-02-23T10:25:01.728] [INFO] default - [::1 GET /images/kid-notebook-computer-learns-159533.jpeg 304 1ms][http://localhost:3000/applyList HTTP/1.1 Mozilla/5.0 (Windows NT 6.1; Win64; x64) AppleWebKit/537.36 (KHTML, like Gecko) Chrome/63.0.3239.132 Safari/537.36]
[2018-02-23T10:25:01.732] [INFO] default - [::1 GET /images/gym-1.jpg 304 1ms][http://localhost:3000/applyList HTTP/1.1 Mozilla/5.0 (Windows NT 6.1; Win64; x64) AppleWebKit/537.36 (KHTML, like Gecko) Chrome/63.0.3239.132 Safari/537.36]
[2018-02-23T10:25:01.734] [INFO] default - [::1 GET /images/gym-2.jpg 304 1ms][http://localhost:3000/applyList HTTP/1.1 Mozilla/5.0 (Windows NT 6.1; Win64; x64) AppleWebKit/537.36 (KHTML, like Gecko) Chrome/63.0.3239.132 Safari/537.36]
[2018-02-23T10:25:01.735] [INFO] default - [::1 GET /images/gym-3.jpg 304 2ms][http://localhost:3000/applyList HTTP/1.1 Mozilla/5.0 (Windows NT 6.1; Win64; x64) AppleWebKit/537.36 (KHTML, like Gecko) Chrome/63.0.3239.132 Safari/537.36]
[2018-02-23T10:25:01.739] [INFO] default - [::1 GET /images/pattern-bg2.png 304 8ms][http://localhost:3000/applyList HTTP/1.1 Mozilla/5.0 (Windows NT 6.1; Win64; x64) AppleWebKit/537.36 (KHTML, like Gecko) Chrome/63.0.3239.132 Safari/537.36]
[2018-02-23T10:25:01.747] [INFO] default - [::1 GET /images/bg-map.jpg 304 2ms][http://localhost:3000/applyList HTTP/1.1 Mozilla/5.0 (Windows NT 6.1; Win64; x64) AppleWebKit/537.36 (KHTML, like Gecko) Chrome/63.0.3239.132 Safari/537.36]
[2018-02-23T10:25:01.749] [INFO] default - [::1 GET /images/gym-4.jpg 304 5ms][http://localhost:3000/applyList HTTP/1.1 Mozilla/5.0 (Windows NT 6.1; Win64; x64) AppleWebKit/537.36 (KHTML, like Gecko) Chrome/63.0.3239.132 Safari/537.36]
[2018-02-23T10:25:02.025] [INFO] default - [::1 GET /images/favicons/favicon.png 200 3ms][http://localhost:3000/applyList HTTP/1.1 Mozilla/5.0 (Windows NT 6.1; Win64; x64) AppleWebKit/537.36 (KHTML, like Gecko) Chrome/63.0.3239.132 Safari/537.36]
[2018-02-23T10:25:04.465] [INFO] default - [::1 GET /applyList 304 0ms][ HTTP/1.1 Mozilla/5.0 (Windows NT 6.1; Win64; x64) AppleWebKit/537.36 (KHTML, like Gecko) Chrome/63.0.3239.132 Safari/537.36]
[2018-02-23T10:25:04.499] [INFO] default - [::1 GET /css/bootstrap.css 304 2ms][http://localhost:3000/applyList HTTP/1.1 Mozilla/5.0 (Windows NT 6.1; Win64; x64) AppleWebKit/537.36 (KHTML, like Gecko) Chrome/63.0.3239.132 Safari/537.36]
[2018-02-23T10:25:04.499] [INFO] default - [::1 GET /css/style.css 304 3ms][http://localhost:3000/applyList HTTP/1.1 Mozilla/5.0 (Windows NT 6.1; Win64; x64) AppleWebKit/537.36 (KHTML, like Gecko) Chrome/63.0.3239.132 Safari/537.36]
[2018-02-23T10:25:04.500] [INFO] default - [::1 GET /css/magnific-popup.css 304 2ms][http://localhost:3000/applyList HTTP/1.1 Mozilla/5.0 (Windows NT 6.1; Win64; x64) AppleWebKit/537.36 (KHTML, like Gecko) Chrome/63.0.3239.132 Safari/537.36]
[2018-02-23T10:25:04.501] [INFO] default - [::1 GET /css/iconfont-style.css 304 3ms][http://localhost:3000/applyList HTTP/1.1 Mozilla/5.0 (Windows NT 6.1; Win64; x64) AppleWebKit/537.36 (KHTML, like Gecko) Chrome/63.0.3239.132 Safari/537.36]
[2018-02-23T10:25:04.516] [INFO] default - [::1 GET /lib/jquery-1.11.2.min.js 304 3ms][http://localhost:3000/applyList HTTP/1.1 Mozilla/5.0 (Windows NT 6.1; Win64; x64) AppleWebKit/537.36 (KHTML, like Gecko) Chrome/63.0.3239.132 Safari/537.36]
[2018-02-23T10:25:04.517] [INFO] default - [::1 GET /lib/jquery.validate.min.js 304 3ms][http://localhost:3000/applyList HTTP/1.1 Mozilla/5.0 (Windows NT 6.1; Win64; x64) AppleWebKit/537.36 (KHTML, like Gecko) Chrome/63.0.3239.132 Safari/537.36]
[2018-02-23T10:25:04.517] [INFO] default - [::1 GET /lib/smoothscroll.js 304 2ms][http://localhost:3000/applyList HTTP/1.1 Mozilla/5.0 (Windows NT 6.1; Win64; x64) AppleWebKit/537.36 (KHTML, like Gecko) Chrome/63.0.3239.132 Safari/537.36]
[2018-02-23T10:25:04.518] [INFO] default - [::1 GET /lib/bootstrap.min.js 304 4ms][http://localhost:3000/applyList HTTP/1.1 Mozilla/5.0 (Windows NT 6.1; Win64; x64) AppleWebKit/537.36 (KHTML, like Gecko) Chrome/63.0.3239.132 Safari/537.36]
[2018-02-23T10:25:04.519] [INFO] default - [::1 GET /lib/jquery.smooth-scroll.min.js 304 3ms][http://localhost:3000/applyList HTTP/1.1 Mozilla/5.0 (Windows NT 6.1; Win64; x64) AppleWebKit/537.36 (KHTML, like Gecko) Chrome/63.0.3239.132 Safari/537.36]
[2018-02-23T10:25:04.521] [INFO] default - [::1 GET /lib/placeholders.jquery.min.js 304 2ms][http://localhost:3000/applyList HTTP/1.1 Mozilla/5.0 (Windows NT 6.1; Win64; x64) AppleWebKit/537.36 (KHTML, like Gecko) Chrome/63.0.3239.132 Safari/537.36]
[2018-02-23T10:25:04.528] [INFO] default - [::1 GET /lib/jquery.magnific-popup.min.js 304 3ms][http://localhost:3000/applyList HTTP/1.1 Mozilla/5.0 (Windows NT 6.1; Win64; x64) AppleWebKit/537.36 (KHTML, like Gecko) Chrome/63.0.3239.132 Safari/537.36]
[2018-02-23T10:25:04.529] [INFO] default - [::1 GET /lib/jquery.counterup.min.js 304 3ms][http://localhost:3000/applyList HTTP/1.1 Mozilla/5.0 (Windows NT 6.1; Win64; x64) AppleWebKit/537.36 (KHTML, like Gecko) Chrome/63.0.3239.132 Safari/537.36]
[2018-02-23T10:25:04.529] [INFO] default - [::1 GET /lib/waypoints.min.js 304 2ms][http://localhost:3000/applyList HTTP/1.1 Mozilla/5.0 (Windows NT 6.1; Win64; x64) AppleWebKit/537.36 (KHTML, like Gecko) Chrome/63.0.3239.132 Safari/537.36]
[2018-02-23T10:25:04.530] [INFO] default - [::1 GET /lib/video.js 304 3ms][http://localhost:3000/applyList HTTP/1.1 Mozilla/5.0 (Windows NT 6.1; Win64; x64) AppleWebKit/537.36 (KHTML, like Gecko) Chrome/63.0.3239.132 Safari/537.36]
[2018-02-23T10:25:04.535] [INFO] default - [::1 GET /lib/bigvideo.js 304 4ms][http://localhost:3000/applyList HTTP/1.1 Mozilla/5.0 (Windows NT 6.1; Win64; x64) AppleWebKit/537.36 (KHTML, like Gecko) Chrome/63.0.3239.132 Safari/537.36]
[2018-02-23T10:25:04.546] [INFO] default - [::1 GET /scripts/index.js 304 2ms][http://localhost:3000/applyList HTTP/1.1 Mozilla/5.0 (Windows NT 6.1; Win64; x64) AppleWebKit/537.36 (KHTML, like Gecko) Chrome/63.0.3239.132 Safari/537.36]
[2018-02-23T10:25:04.547] [INFO] default - [::1 GET /images/logo.png 304 2ms][http://localhost:3000/applyList HTTP/1.1 Mozilla/5.0 (Windows NT 6.1; Win64; x64) AppleWebKit/537.36 (KHTML, like Gecko) Chrome/63.0.3239.132 Safari/537.36]
[2018-02-23T10:25:04.548] [INFO] default - [::1 GET /images/customer-photo.jpg 304 2ms][http://localhost:3000/applyList HTTP/1.1 Mozilla/5.0 (Windows NT 6.1; Win64; x64) AppleWebKit/537.36 (KHTML, like Gecko) Chrome/63.0.3239.132 Safari/537.36]
[2018-02-23T10:25:04.549] [INFO] default - [::1 GET /images/center-block-bg2.png 304 2ms][http://localhost:3000/applyList HTTP/1.1 Mozilla/5.0 (Windows NT 6.1; Win64; x64) AppleWebKit/537.36 (KHTML, like Gecko) Chrome/63.0.3239.132 Safari/537.36]
[2018-02-23T10:25:04.553] [INFO] default - [::1 GET /lib/custom.js 304 20ms][http://localhost:3000/applyList HTTP/1.1 Mozilla/5.0 (Windows NT 6.1; Win64; x64) AppleWebKit/537.36 (KHTML, like Gecko) Chrome/63.0.3239.132 Safari/537.36]
[2018-02-23T10:25:04.606] [INFO] default - [::1 GET /images/pattern-bg2.png 304 1ms][http://localhost:3000/applyList HTTP/1.1 Mozilla/5.0 (Windows NT 6.1; Win64; x64) AppleWebKit/537.36 (KHTML, like Gecko) Chrome/63.0.3239.132 Safari/537.36]
[2018-02-23T10:25:04.607] [INFO] default - [::1 GET /images/gym-1.jpg 304 2ms][http://localhost:3000/applyList HTTP/1.1 Mozilla/5.0 (Windows NT 6.1; Win64; x64) AppleWebKit/537.36 (KHTML, like Gecko) Chrome/63.0.3239.132 Safari/537.36]
[2018-02-23T10:25:04.608] [INFO] default - [::1 GET /images/kid-notebook-computer-learns-159533.jpeg 304 3ms][http://localhost:3000/applyList HTTP/1.1 Mozilla/5.0 (Windows NT 6.1; Win64; x64) AppleWebKit/537.36 (KHTML, like Gecko) Chrome/63.0.3239.132 Safari/537.36]
[2018-02-23T10:25:04.611] [INFO] default - [::1 GET /images/gym-2.jpg 304 5ms][http://localhost:3000/applyList HTTP/1.1 Mozilla/5.0 (Windows NT 6.1; Win64; x64) AppleWebKit/537.36 (KHTML, like Gecko) Chrome/63.0.3239.132 Safari/537.36]
[2018-02-23T10:25:04.612] [INFO] default - [::1 GET /fonts/iconfont.woff?-8vg322 304 9ms][http://localhost:3000/css/iconfont-style.css HTTP/1.1 Mozilla/5.0 (Windows NT 6.1; Win64; x64) AppleWebKit/537.36 (KHTML, like Gecko) Chrome/63.0.3239.132 Safari/537.36]
[2018-02-23T10:25:04.618] [INFO] default - [::1 GET /images/gym-3.jpg 304 3ms][http://localhost:3000/applyList HTTP/1.1 Mozilla/5.0 (Windows NT 6.1; Win64; x64) AppleWebKit/537.36 (KHTML, like Gecko) Chrome/63.0.3239.132 Safari/537.36]
[2018-02-23T10:25:04.648] [INFO] default - [::1 GET /images/gym-4.jpg 304 2ms][http://localhost:3000/applyList HTTP/1.1 Mozilla/5.0 (Windows NT 6.1; Win64; x64) AppleWebKit/537.36 (KHTML, like Gecko) Chrome/63.0.3239.132 Safari/537.36]
[2018-02-23T10:25:04.651] [INFO] default - [::1 GET /images/bg-map.jpg 304 4ms][http://localhost:3000/applyList HTTP/1.1 Mozilla/5.0 (Windows NT 6.1; Win64; x64) AppleWebKit/537.36 (KHTML, like Gecko) Chrome/63.0.3239.132 Safari/537.36]
[2018-02-23T10:25:04.753] [INFO] default - [::1 GET /images/favicons/favicon.png 200 1ms][http://localhost:3000/applyList HTTP/1.1 Mozilla/5.0 (Windows NT 6.1; Win64; x64) AppleWebKit/537.36 (KHTML, like Gecko) Chrome/63.0.3239.132 Safari/537.36]
[2018-02-23T10:25:19.029] [INFO] default - [::1 GET /applyList 304 2ms][ HTTP/1.1 Mozilla/5.0 (Windows NT 6.1; Win64; x64) AppleWebKit/537.36 (KHTML, like Gecko) Chrome/63.0.3239.132 Safari/537.36]
[2018-02-23T10:25:19.053] [INFO] default - [::1 GET /css/bootstrap.css 304 3ms][http://localhost:3000/applyList HTTP/1.1 Mozilla/5.0 (Windows NT 6.1; Win64; x64) AppleWebKit/537.36 (KHTML, like Gecko) Chrome/63.0.3239.132 Safari/537.36]
[2018-02-23T10:25:19.054] [INFO] default - [::1 GET /css/style.css 304 2ms][http://localhost:3000/applyList HTTP/1.1 Mozilla/5.0 (Windows NT 6.1; Win64; x64) AppleWebKit/537.36 (KHTML, like Gecko) Chrome/63.0.3239.132 Safari/537.36]
[2018-02-23T10:25:19.055] [INFO] default - [::1 GET /css/magnific-popup.css 304 2ms][http://localhost:3000/applyList HTTP/1.1 Mozilla/5.0 (Windows NT 6.1; Win64; x64) AppleWebKit/537.36 (KHTML, like Gecko) Chrome/63.0.3239.132 Safari/537.36]
[2018-02-23T10:25:19.056] [INFO] default - [::1 GET /css/iconfont-style.css 304 3ms][http://localhost:3000/applyList HTTP/1.1 Mozilla/5.0 (Windows NT 6.1; Win64; x64) AppleWebKit/537.36 (KHTML, like Gecko) Chrome/63.0.3239.132 Safari/537.36]
[2018-02-23T10:25:19.068] [INFO] default - [::1 GET /lib/jquery-1.11.2.min.js 304 1ms][http://localhost:3000/applyList HTTP/1.1 Mozilla/5.0 (Windows NT 6.1; Win64; x64) AppleWebKit/537.36 (KHTML, like Gecko) Chrome/63.0.3239.132 Safari/537.36]
[2018-02-23T10:25:19.072] [INFO] default - [::1 GET /lib/bootstrap.min.js 304 1ms][http://localhost:3000/applyList HTTP/1.1 Mozilla/5.0 (Windows NT 6.1; Win64; x64) AppleWebKit/537.36 (KHTML, like Gecko) Chrome/63.0.3239.132 Safari/537.36]
[2018-02-23T10:25:19.077] [INFO] default - [::1 GET /lib/jquery.validate.min.js 304 1ms][http://localhost:3000/applyList HTTP/1.1 Mozilla/5.0 (Windows NT 6.1; Win64; x64) AppleWebKit/537.36 (KHTML, like Gecko) Chrome/63.0.3239.132 Safari/537.36]
[2018-02-23T10:25:19.081] [INFO] default - [::1 GET /lib/smoothscroll.js 304 1ms][http://localhost:3000/applyList HTTP/1.1 Mozilla/5.0 (Windows NT 6.1; Win64; x64) AppleWebKit/537.36 (KHTML, like Gecko) Chrome/63.0.3239.132 Safari/537.36]
[2018-02-23T10:25:19.098] [INFO] default - [::1 GET /lib/placeholders.jquery.min.js 304 2ms][http://localhost:3000/applyList HTTP/1.1 Mozilla/5.0 (Windows NT 6.1; Win64; x64) AppleWebKit/537.36 (KHTML, like Gecko) Chrome/63.0.3239.132 Safari/537.36]
[2018-02-23T10:25:19.102] [INFO] default - [::1 GET /lib/jquery.smooth-scroll.min.js 304 18ms][http://localhost:3000/applyList HTTP/1.1 Mozilla/5.0 (Windows NT 6.1; Win64; x64) AppleWebKit/537.36 (KHTML, like Gecko) Chrome/63.0.3239.132 Safari/537.36]
[2018-02-23T10:25:19.103] [INFO] default - [::1 GET /lib/jquery.magnific-popup.min.js 304 2ms][http://localhost:3000/applyList HTTP/1.1 Mozilla/5.0 (Windows NT 6.1; Win64; x64) AppleWebKit/537.36 (KHTML, like Gecko) Chrome/63.0.3239.132 Safari/537.36]
[2018-02-23T10:25:19.105] [INFO] default - [::1 GET /lib/jquery.counterup.min.js 304 1ms][http://localhost:3000/applyList HTTP/1.1 Mozilla/5.0 (Windows NT 6.1; Win64; x64) AppleWebKit/537.36 (KHTML, like Gecko) Chrome/63.0.3239.132 Safari/537.36]
[2018-02-23T10:25:19.107] [INFO] default - [::1 GET /lib/waypoints.min.js 304 2ms][http://localhost:3000/applyList HTTP/1.1 Mozilla/5.0 (Windows NT 6.1; Win64; x64) AppleWebKit/537.36 (KHTML, like Gecko) Chrome/63.0.3239.132 Safari/537.36]
[2018-02-23T10:25:19.109] [INFO] default - [::1 GET /lib/bigvideo.js 304 3ms][http://localhost:3000/applyList HTTP/1.1 Mozilla/5.0 (Windows NT 6.1; Win64; x64) AppleWebKit/537.36 (KHTML, like Gecko) Chrome/63.0.3239.132 Safari/537.36]
[2018-02-23T10:25:19.110] [INFO] default - [::1 GET /lib/custom.js 304 2ms][http://localhost:3000/applyList HTTP/1.1 Mozilla/5.0 (Windows NT 6.1; Win64; x64) AppleWebKit/537.36 (KHTML, like Gecko) Chrome/63.0.3239.132 Safari/537.36]
[2018-02-23T10:25:19.114] [INFO] default - [::1 GET /scripts/index.js 304 2ms][http://localhost:3000/applyList HTTP/1.1 Mozilla/5.0 (Windows NT 6.1; Win64; x64) AppleWebKit/537.36 (KHTML, like Gecko) Chrome/63.0.3239.132 Safari/537.36]
[2018-02-23T10:25:19.114] [INFO] default - [::1 GET /images/logo.png 304 1ms][http://localhost:3000/applyList HTTP/1.1 Mozilla/5.0 (Windows NT 6.1; Win64; x64) AppleWebKit/537.36 (KHTML, like Gecko) Chrome/63.0.3239.132 Safari/537.36]
[2018-02-23T10:25:19.115] [INFO] default - [::1 GET /images/customer-photo.jpg 304 2ms][http://localhost:3000/applyList HTTP/1.1 Mozilla/5.0 (Windows NT 6.1; Win64; x64) AppleWebKit/537.36 (KHTML, like Gecko) Chrome/63.0.3239.132 Safari/537.36]
[2018-02-23T10:25:19.117] [INFO] default - [::1 GET /lib/video.js 304 11ms][http://localhost:3000/applyList HTTP/1.1 Mozilla/5.0 (Windows NT 6.1; Win64; x64) AppleWebKit/537.36 (KHTML, like Gecko) Chrome/63.0.3239.132 Safari/537.36]
[2018-02-23T10:25:19.120] [INFO] default - [::1 GET /images/center-block-bg2.png 304 1ms][http://localhost:3000/applyList HTTP/1.1 Mozilla/5.0 (Windows NT 6.1; Win64; x64) AppleWebKit/537.36 (KHTML, like Gecko) Chrome/63.0.3239.132 Safari/537.36]
[2018-02-23T10:25:19.154] [INFO] default - [::1 GET /fonts/iconfont.woff?-8vg322 304 2ms][http://localhost:3000/css/iconfont-style.css HTTP/1.1 Mozilla/5.0 (Windows NT 6.1; Win64; x64) AppleWebKit/537.36 (KHTML, like Gecko) Chrome/63.0.3239.132 Safari/537.36]
[2018-02-23T10:25:19.155] [INFO] default - [::1 GET /images/kid-notebook-computer-learns-159533.jpeg 304 2ms][http://localhost:3000/applyList HTTP/1.1 Mozilla/5.0 (Windows NT 6.1; Win64; x64) AppleWebKit/537.36 (KHTML, like Gecko) Chrome/63.0.3239.132 Safari/537.36]
[2018-02-23T10:25:19.161] [INFO] default - [::1 GET /images/pattern-bg2.png 304 1ms][http://localhost:3000/applyList HTTP/1.1 Mozilla/5.0 (Windows NT 6.1; Win64; x64) AppleWebKit/537.36 (KHTML, like Gecko) Chrome/63.0.3239.132 Safari/537.36]
[2018-02-23T10:25:19.162] [INFO] default - [::1 GET /images/gym-1.jpg 304 2ms][http://localhost:3000/applyList HTTP/1.1 Mozilla/5.0 (Windows NT 6.1; Win64; x64) AppleWebKit/537.36 (KHTML, like Gecko) Chrome/63.0.3239.132 Safari/537.36]
[2018-02-23T10:25:19.164] [INFO] default - [::1 GET /images/gym-2.jpg 304 1ms][http://localhost:3000/applyList HTTP/1.1 Mozilla/5.0 (Windows NT 6.1; Win64; x64) AppleWebKit/537.36 (KHTML, like Gecko) Chrome/63.0.3239.132 Safari/537.36]
[2018-02-23T10:25:19.165] [INFO] default - [::1 GET /images/gym-3.jpg 304 2ms][http://localhost:3000/applyList HTTP/1.1 Mozilla/5.0 (Windows NT 6.1; Win64; x64) AppleWebKit/537.36 (KHTML, like Gecko) Chrome/63.0.3239.132 Safari/537.36]
[2018-02-23T10:25:19.166] [INFO] default - [::1 GET /images/gym-4.jpg 304 3ms][http://localhost:3000/applyList HTTP/1.1 Mozilla/5.0 (Windows NT 6.1; Win64; x64) AppleWebKit/537.36 (KHTML, like Gecko) Chrome/63.0.3239.132 Safari/537.36]
[2018-02-23T10:25:19.167] [INFO] default - [::1 GET /images/bg-map.jpg 304 3ms][http://localhost:3000/applyList HTTP/1.1 Mozilla/5.0 (Windows NT 6.1; Win64; x64) AppleWebKit/537.36 (KHTML, like Gecko) Chrome/63.0.3239.132 Safari/537.36]
[2018-02-23T10:25:19.368] [INFO] default - [::1 GET /images/favicons/favicon.png 200 2ms][http://localhost:3000/applyList HTTP/1.1 Mozilla/5.0 (Windows NT 6.1; Win64; x64) AppleWebKit/537.36 (KHTML, like Gecko) Chrome/63.0.3239.132 Safari/537.36]
[2018-02-23T10:25:20.394] [INFO] default - [::1 GET /applyList 304 1ms][ HTTP/1.1 Mozilla/5.0 (Windows NT 6.1; Win64; x64) AppleWebKit/537.36 (KHTML, like Gecko) Chrome/63.0.3239.132 Safari/537.36]
[2018-02-23T10:25:20.414] [INFO] default - [::1 GET /css/bootstrap.css 304 3ms][http://localhost:3000/applyList HTTP/1.1 Mozilla/5.0 (Windows NT 6.1; Win64; x64) AppleWebKit/537.36 (KHTML, like Gecko) Chrome/63.0.3239.132 Safari/537.36]
[2018-02-23T10:25:20.415] [INFO] default - [::1 GET /css/style.css 304 3ms][http://localhost:3000/applyList HTTP/1.1 Mozilla/5.0 (Windows NT 6.1; Win64; x64) AppleWebKit/537.36 (KHTML, like Gecko) Chrome/63.0.3239.132 Safari/537.36]
[2018-02-23T10:25:20.417] [INFO] default - [::1 GET /css/magnific-popup.css 304 5ms][http://localhost:3000/applyList HTTP/1.1 Mozilla/5.0 (Windows NT 6.1; Win64; x64) AppleWebKit/537.36 (KHTML, like Gecko) Chrome/63.0.3239.132 Safari/537.36]
[2018-02-23T10:25:20.425] [INFO] default - [::1 GET /css/iconfont-style.css 304 12ms][http://localhost:3000/applyList HTTP/1.1 Mozilla/5.0 (Windows NT 6.1; Win64; x64) AppleWebKit/537.36 (KHTML, like Gecko) Chrome/63.0.3239.132 Safari/537.36]
[2018-02-23T10:25:20.438] [INFO] default - [::1 GET /lib/jquery-1.11.2.min.js 304 2ms][http://localhost:3000/applyList HTTP/1.1 Mozilla/5.0 (Windows NT 6.1; Win64; x64) AppleWebKit/537.36 (KHTML, like Gecko) Chrome/63.0.3239.132 Safari/537.36]
[2018-02-23T10:25:20.445] [INFO] default - [::1 GET /lib/jquery.validate.min.js 304 2ms][http://localhost:3000/applyList HTTP/1.1 Mozilla/5.0 (Windows NT 6.1; Win64; x64) AppleWebKit/537.36 (KHTML, like Gecko) Chrome/63.0.3239.132 Safari/537.36]
[2018-02-23T10:25:20.446] [INFO] default - [::1 GET /lib/smoothscroll.js 304 3ms][http://localhost:3000/applyList HTTP/1.1 Mozilla/5.0 (Windows NT 6.1; Win64; x64) AppleWebKit/537.36 (KHTML, like Gecko) Chrome/63.0.3239.132 Safari/537.36]
[2018-02-23T10:25:20.447] [INFO] default - [::1 GET /lib/jquery.smooth-scroll.min.js 304 3ms][http://localhost:3000/applyList HTTP/1.1 Mozilla/5.0 (Windows NT 6.1; Win64; x64) AppleWebKit/537.36 (KHTML, like Gecko) Chrome/63.0.3239.132 Safari/537.36]
[2018-02-23T10:25:20.447] [INFO] default - [::1 GET /lib/placeholders.jquery.min.js 304 3ms][http://localhost:3000/applyList HTTP/1.1 Mozilla/5.0 (Windows NT 6.1; Win64; x64) AppleWebKit/537.36 (KHTML, like Gecko) Chrome/63.0.3239.132 Safari/537.36]
[2018-02-23T10:25:20.448] [INFO] default - [::1 GET /lib/jquery.magnific-popup.min.js 304 4ms][http://localhost:3000/applyList HTTP/1.1 Mozilla/5.0 (Windows NT 6.1; Win64; x64) AppleWebKit/537.36 (KHTML, like Gecko) Chrome/63.0.3239.132 Safari/537.36]
[2018-02-23T10:25:20.449] [INFO] default - [::1 GET /lib/bootstrap.min.js 304 7ms][http://localhost:3000/applyList HTTP/1.1 Mozilla/5.0 (Windows NT 6.1; Win64; x64) AppleWebKit/537.36 (KHTML, like Gecko) Chrome/63.0.3239.132 Safari/537.36]
[2018-02-23T10:25:20.456] [INFO] default - [::1 GET /lib/jquery.counterup.min.js 304 1ms][http://localhost:3000/applyList HTTP/1.1 Mozilla/5.0 (Windows NT 6.1; Win64; x64) AppleWebKit/537.36 (KHTML, like Gecko) Chrome/63.0.3239.132 Safari/537.36]
[2018-02-23T10:25:20.460] [INFO] default - [::1 GET /lib/video.js 304 1ms][http://localhost:3000/applyList HTTP/1.1 Mozilla/5.0 (Windows NT 6.1; Win64; x64) AppleWebKit/537.36 (KHTML, like Gecko) Chrome/63.0.3239.132 Safari/537.36]
[2018-02-23T10:25:20.461] [INFO] default - [::1 GET /lib/waypoints.min.js 304 3ms][http://localhost:3000/applyList HTTP/1.1 Mozilla/5.0 (Windows NT 6.1; Win64; x64) AppleWebKit/537.36 (KHTML, like Gecko) Chrome/63.0.3239.132 Safari/537.36]
[2018-02-23T10:25:20.462] [INFO] default - [::1 GET /lib/bigvideo.js 304 3ms][http://localhost:3000/applyList HTTP/1.1 Mozilla/5.0 (Windows NT 6.1; Win64; x64) AppleWebKit/537.36 (KHTML, like Gecko) Chrome/63.0.3239.132 Safari/537.36]
[2018-02-23T10:25:20.464] [INFO] default - [::1 GET /lib/custom.js 304 1ms][http://localhost:3000/applyList HTTP/1.1 Mozilla/5.0 (Windows NT 6.1; Win64; x64) AppleWebKit/537.36 (KHTML, like Gecko) Chrome/63.0.3239.132 Safari/537.36]
[2018-02-23T10:25:20.468] [INFO] default - [::1 GET /scripts/index.js 304 3ms][http://localhost:3000/applyList HTTP/1.1 Mozilla/5.0 (Windows NT 6.1; Win64; x64) AppleWebKit/537.36 (KHTML, like Gecko) Chrome/63.0.3239.132 Safari/537.36]
[2018-02-23T10:25:20.470] [INFO] default - [::1 GET /images/logo.png 304 1ms][http://localhost:3000/applyList HTTP/1.1 Mozilla/5.0 (Windows NT 6.1; Win64; x64) AppleWebKit/537.36 (KHTML, like Gecko) Chrome/63.0.3239.132 Safari/537.36]
[2018-02-23T10:25:20.472] [INFO] default - [::1 GET /images/customer-photo.jpg 304 0ms][http://localhost:3000/applyList HTTP/1.1 Mozilla/5.0 (Windows NT 6.1; Win64; x64) AppleWebKit/537.36 (KHTML, like Gecko) Chrome/63.0.3239.132 Safari/537.36]
[2018-02-23T10:25:20.472] [INFO] default - [::1 GET /images/center-block-bg2.png 304 1ms][http://localhost:3000/applyList HTTP/1.1 Mozilla/5.0 (Windows NT 6.1; Win64; x64) AppleWebKit/537.36 (KHTML, like Gecko) Chrome/63.0.3239.132 Safari/537.36]
[2018-02-23T10:25:20.488] [INFO] default - [::1 GET /fonts/iconfont.woff?-8vg322 304 1ms][http://localhost:3000/css/iconfont-style.css HTTP/1.1 Mozilla/5.0 (Windows NT 6.1; Win64; x64) AppleWebKit/537.36 (KHTML, like Gecko) Chrome/63.0.3239.132 Safari/537.36]
[2018-02-23T10:25:20.491] [INFO] default - [::1 GET /images/kid-notebook-computer-learns-159533.jpeg 304 2ms][http://localhost:3000/applyList HTTP/1.1 Mozilla/5.0 (Windows NT 6.1; Win64; x64) AppleWebKit/537.36 (KHTML, like Gecko) Chrome/63.0.3239.132 Safari/537.36]
[2018-02-23T10:25:20.492] [INFO] default - [::1 GET /images/pattern-bg2.png 304 2ms][http://localhost:3000/applyList HTTP/1.1 Mozilla/5.0 (Windows NT 6.1; Win64; x64) AppleWebKit/537.36 (KHTML, like Gecko) Chrome/63.0.3239.132 Safari/537.36]
[2018-02-23T10:25:20.492] [INFO] default - [::1 GET /images/gym-1.jpg 304 2ms][http://localhost:3000/applyList HTTP/1.1 Mozilla/5.0 (Windows NT 6.1; Win64; x64) AppleWebKit/537.36 (KHTML, like Gecko) Chrome/63.0.3239.132 Safari/537.36]
[2018-02-23T10:25:20.493] [INFO] default - [::1 GET /images/gym-2.jpg 304 3ms][http://localhost:3000/applyList HTTP/1.1 Mozilla/5.0 (Windows NT 6.1; Win64; x64) AppleWebKit/537.36 (KHTML, like Gecko) Chrome/63.0.3239.132 Safari/537.36]
[2018-02-23T10:25:20.495] [INFO] default - [::1 GET /images/gym-3.jpg 304 5ms][http://localhost:3000/applyList HTTP/1.1 Mozilla/5.0 (Windows NT 6.1; Win64; x64) AppleWebKit/537.36 (KHTML, like Gecko) Chrome/63.0.3239.132 Safari/537.36]
[2018-02-23T10:25:20.497] [INFO] default - [::1 GET /images/gym-4.jpg 304 1ms][http://localhost:3000/applyList HTTP/1.1 Mozilla/5.0 (Windows NT 6.1; Win64; x64) AppleWebKit/537.36 (KHTML, like Gecko) Chrome/63.0.3239.132 Safari/537.36]
[2018-02-23T10:25:20.498] [INFO] default - [::1 GET /images/bg-map.jpg 304 1ms][http://localhost:3000/applyList HTTP/1.1 Mozilla/5.0 (Windows NT 6.1; Win64; x64) AppleWebKit/537.36 (KHTML, like Gecko) Chrome/63.0.3239.132 Safari/537.36]
[2018-02-23T10:25:20.657] [INFO] default - [::1 GET /images/favicons/favicon.png 200 2ms][http://localhost:3000/applyList HTTP/1.1 Mozilla/5.0 (Windows NT 6.1; Win64; x64) AppleWebKit/537.36 (KHTML, like Gecko) Chrome/63.0.3239.132 Safari/537.36]
[2018-02-23T10:36:16.712] [INFO] default - [::1 GET /applyList 200 17ms][ HTTP/1.1 Mozilla/5.0 (Windows NT 6.1; Win64; x64) AppleWebKit/537.36 (KHTML, like Gecko) Chrome/63.0.3239.132 Safari/537.36]
[2018-02-23T10:36:16.744] [INFO] default - [::1 GET /css/bootstrap.css 304 8ms][http://localhost:3000/applyList HTTP/1.1 Mozilla/5.0 (Windows NT 6.1; Win64; x64) AppleWebKit/537.36 (KHTML, like Gecko) Chrome/63.0.3239.132 Safari/537.36]
[2018-02-23T10:36:16.745] [INFO] default - [::1 GET /lib/jquery-1.11.2.min.js 304 13ms][http://localhost:3000/applyList HTTP/1.1 Mozilla/5.0 (Windows NT 6.1; Win64; x64) AppleWebKit/537.36 (KHTML, like Gecko) Chrome/63.0.3239.132 Safari/537.36]
[2018-02-23T10:36:16.747] [INFO] default - [::1 GET /scripts/applyList.js 304 0ms][http://localhost:3000/applyList HTTP/1.1 Mozilla/5.0 (Windows NT 6.1; Win64; x64) AppleWebKit/537.36 (KHTML, like Gecko) Chrome/63.0.3239.132 Safari/537.36]
[2018-02-23T10:36:16.748] [INFO] default - [::1 GET /lib/bootstrap.min.js 304 3ms][http://localhost:3000/applyList HTTP/1.1 Mozilla/5.0 (Windows NT 6.1; Win64; x64) AppleWebKit/537.36 (KHTML, like Gecko) Chrome/63.0.3239.132 Safari/537.36]
[2018-02-23T10:36:16.808] [INFO] default - [::1 GET /api/applyList 304 6ms][http://localhost:3000/applyList HTTP/1.1 Mozilla/5.0 (Windows NT 6.1; Win64; x64) AppleWebKit/537.36 (KHTML, like Gecko) Chrome/63.0.3239.132 Safari/537.36]
[2018-02-23T10:36:16.970] [INFO] default - [::1 GET /images/favicons/favicon.png 200 2ms][http://localhost:3000/applyList HTTP/1.1 Mozilla/5.0 (Windows NT 6.1; Win64; x64) AppleWebKit/537.36 (KHTML, like Gecko) Chrome/63.0.3239.132 Safari/537.36]
[2018-02-23T10:36:18.769] [INFO] default - [::1 GET / 200 1ms][ HTTP/1.1 Mozilla/5.0 (Windows NT 6.1; Win64; x64) AppleWebKit/537.36 (KHTML, like Gecko) Chrome/63.0.3239.132 Safari/537.36]
[2018-02-23T10:36:18.807] [INFO] default - [::1 GET /css/bootstrap.css 304 1ms][http://localhost:3000/ HTTP/1.1 Mozilla/5.0 (Windows NT 6.1; Win64; x64) AppleWebKit/537.36 (KHTML, like Gecko) Chrome/63.0.3239.132 Safari/537.36]
[2018-02-23T10:36:18.810] [INFO] default - [::1 GET /css/style.css 304 1ms][http://localhost:3000/ HTTP/1.1 Mozilla/5.0 (Windows NT 6.1; Win64; x64) AppleWebKit/537.36 (KHTML, like Gecko) Chrome/63.0.3239.132 Safari/537.36]
[2018-02-23T10:36:18.811] [INFO] default - [::1 GET /css/magnific-popup.css 304 1ms][http://localhost:3000/ HTTP/1.1 Mozilla/5.0 (Windows NT 6.1; Win64; x64) AppleWebKit/537.36 (KHTML, like Gecko) Chrome/63.0.3239.132 Safari/537.36]
[2018-02-23T10:36:18.813] [INFO] default - [::1 GET /css/iconfont-style.css 304 0ms][http://localhost:3000/ HTTP/1.1 Mozilla/5.0 (Windows NT 6.1; Win64; x64) AppleWebKit/537.36 (KHTML, like Gecko) Chrome/63.0.3239.132 Safari/537.36]
[2018-02-23T10:36:18.821] [INFO] default - [::1 GET /lib/jquery-1.11.2.min.js 304 0ms][http://localhost:3000/ HTTP/1.1 Mozilla/5.0 (Windows NT 6.1; Win64; x64) AppleWebKit/537.36 (KHTML, like Gecko) Chrome/63.0.3239.132 Safari/537.36]
[2018-02-23T10:36:18.846] [INFO] default - [::1 GET /lib/jquery.validate.min.js 304 1ms][http://localhost:3000/ HTTP/1.1 Mozilla/5.0 (Windows NT 6.1; Win64; x64) AppleWebKit/537.36 (KHTML, like Gecko) Chrome/63.0.3239.132 Safari/537.36]
[2018-02-23T10:36:18.849] [INFO] default - [::1 GET /lib/smoothscroll.js 304 2ms][http://localhost:3000/ HTTP/1.1 Mozilla/5.0 (Windows NT 6.1; Win64; x64) AppleWebKit/537.36 (KHTML, like Gecko) Chrome/63.0.3239.132 Safari/537.36]
[2018-02-23T10:36:18.851] [INFO] default - [::1 GET /lib/jquery.smooth-scroll.min.js 304 1ms][http://localhost:3000/ HTTP/1.1 Mozilla/5.0 (Windows NT 6.1; Win64; x64) AppleWebKit/537.36 (KHTML, like Gecko) Chrome/63.0.3239.132 Safari/537.36]
[2018-02-23T10:36:18.851] [INFO] default - [::1 GET /lib/placeholders.jquery.min.js 304 1ms][http://localhost:3000/ HTTP/1.1 Mozilla/5.0 (Windows NT 6.1; Win64; x64) AppleWebKit/537.36 (KHTML, like Gecko) Chrome/63.0.3239.132 Safari/537.36]
[2018-02-23T10:36:18.854] [INFO] default - [::1 GET /lib/bootstrap.min.js 304 28ms][http://localhost:3000/ HTTP/1.1 Mozilla/5.0 (Windows NT 6.1; Win64; x64) AppleWebKit/537.36 (KHTML, like Gecko) Chrome/63.0.3239.132 Safari/537.36]
[2018-02-23T10:36:18.857] [INFO] default - [::1 GET /lib/jquery.magnific-popup.min.js 304 1ms][http://localhost:3000/ HTTP/1.1 Mozilla/5.0 (Windows NT 6.1; Win64; x64) AppleWebKit/537.36 (KHTML, like Gecko) Chrome/63.0.3239.132 Safari/537.36]
[2018-02-23T10:36:18.862] [INFO] default - [::1 GET /lib/jquery.counterup.min.js 304 1ms][http://localhost:3000/ HTTP/1.1 Mozilla/5.0 (Windows NT 6.1; Win64; x64) AppleWebKit/537.36 (KHTML, like Gecko) Chrome/63.0.3239.132 Safari/537.36]
[2018-02-23T10:36:18.862] [INFO] default - [::1 GET /lib/waypoints.min.js 304 2ms][http://localhost:3000/ HTTP/1.1 Mozilla/5.0 (Windows NT 6.1; Win64; x64) AppleWebKit/537.36 (KHTML, like Gecko) Chrome/63.0.3239.132 Safari/537.36]
[2018-02-23T10:36:18.865] [INFO] default - [::1 GET /lib/video.js 304 1ms][http://localhost:3000/ HTTP/1.1 Mozilla/5.0 (Windows NT 6.1; Win64; x64) AppleWebKit/537.36 (KHTML, like Gecko) Chrome/63.0.3239.132 Safari/537.36]
[2018-02-23T10:36:18.865] [INFO] default - [::1 GET /lib/bigvideo.js 304 2ms][http://localhost:3000/ HTTP/1.1 Mozilla/5.0 (Windows NT 6.1; Win64; x64) AppleWebKit/537.36 (KHTML, like Gecko) Chrome/63.0.3239.132 Safari/537.36]
[2018-02-23T10:36:18.866] [INFO] default - [::1 GET /lib/custom.js 304 3ms][http://localhost:3000/ HTTP/1.1 Mozilla/5.0 (Windows NT 6.1; Win64; x64) AppleWebKit/537.36 (KHTML, like Gecko) Chrome/63.0.3239.132 Safari/537.36]
[2018-02-23T10:36:18.872] [INFO] default - [::1 GET /scripts/index.js 304 2ms][http://localhost:3000/ HTTP/1.1 Mozilla/5.0 (Windows NT 6.1; Win64; x64) AppleWebKit/537.36 (KHTML, like Gecko) Chrome/63.0.3239.132 Safari/537.36]
[2018-02-23T10:36:18.872] [INFO] default - [::1 GET /images/logo.png 304 2ms][http://localhost:3000/ HTTP/1.1 Mozilla/5.0 (Windows NT 6.1; Win64; x64) AppleWebKit/537.36 (KHTML, like Gecko) Chrome/63.0.3239.132 Safari/537.36]
[2018-02-23T10:36:18.874] [INFO] default - [::1 GET /images/customer-photo.jpg 304 1ms][http://localhost:3000/ HTTP/1.1 Mozilla/5.0 (Windows NT 6.1; Win64; x64) AppleWebKit/537.36 (KHTML, like Gecko) Chrome/63.0.3239.132 Safari/537.36]
[2018-02-23T10:36:18.878] [INFO] default - [::1 GET /images/center-block-bg2.png 304 1ms][http://localhost:3000/ HTTP/1.1 Mozilla/5.0 (Windows NT 6.1; Win64; x64) AppleWebKit/537.36 (KHTML, like Gecko) Chrome/63.0.3239.132 Safari/537.36]
[2018-02-23T10:36:18.927] [INFO] default - [::1 GET /fonts/iconfont.woff?-8vg322 304 4ms][http://localhost:3000/css/iconfont-style.css HTTP/1.1 Mozilla/5.0 (Windows NT 6.1; Win64; x64) AppleWebKit/537.36 (KHTML, like Gecko) Chrome/63.0.3239.132 Safari/537.36]
[2018-02-23T10:36:18.928] [INFO] default - [::1 GET /images/kid-notebook-computer-learns-159533.jpeg 304 3ms][http://localhost:3000/ HTTP/1.1 Mozilla/5.0 (Windows NT 6.1; Win64; x64) AppleWebKit/537.36 (KHTML, like Gecko) Chrome/63.0.3239.132 Safari/537.36]
[2018-02-23T10:36:18.928] [INFO] default - [::1 GET /images/pattern-bg2.png 304 2ms][http://localhost:3000/ HTTP/1.1 Mozilla/5.0 (Windows NT 6.1; Win64; x64) AppleWebKit/537.36 (KHTML, like Gecko) Chrome/63.0.3239.132 Safari/537.36]
[2018-02-23T10:36:18.932] [INFO] default - [::1 GET /images/gym-1.jpg 304 3ms][http://localhost:3000/ HTTP/1.1 Mozilla/5.0 (Windows NT 6.1; Win64; x64) AppleWebKit/537.36 (KHTML, like Gecko) Chrome/63.0.3239.132 Safari/537.36]
[2018-02-23T10:36:18.932] [INFO] default - [::1 GET /images/gym-2.jpg 304 1ms][http://localhost:3000/ HTTP/1.1 Mozilla/5.0 (Windows NT 6.1; Win64; x64) AppleWebKit/537.36 (KHTML, like Gecko) Chrome/63.0.3239.132 Safari/537.36]
[2018-02-23T10:36:18.940] [INFO] default - [::1 GET /images/gym-3.jpg 304 1ms][http://localhost:3000/ HTTP/1.1 Mozilla/5.0 (Windows NT 6.1; Win64; x64) AppleWebKit/537.36 (KHTML, like Gecko) Chrome/63.0.3239.132 Safari/537.36]
[2018-02-23T10:36:18.949] [INFO] default - [::1 GET /images/gym-4.jpg 304 2ms][http://localhost:3000/ HTTP/1.1 Mozilla/5.0 (Windows NT 6.1; Win64; x64) AppleWebKit/537.36 (KHTML, like Gecko) Chrome/63.0.3239.132 Safari/537.36]
[2018-02-23T10:36:18.950] [INFO] default - [::1 GET /images/bg-map.jpg 304 2ms][http://localhost:3000/ HTTP/1.1 Mozilla/5.0 (Windows NT 6.1; Win64; x64) AppleWebKit/537.36 (KHTML, like Gecko) Chrome/63.0.3239.132 Safari/537.36]
[2018-02-23T10:36:21.641] [INFO] default - [::1 GET / 304 1ms][ HTTP/1.1 Mozilla/5.0 (Windows NT 6.1; Win64; x64) AppleWebKit/537.36 (KHTML, like Gecko) Chrome/63.0.3239.132 Safari/537.36]
[2018-02-23T10:36:21.670] [INFO] default - [::1 GET /css/bootstrap.css 304 1ms][http://localhost:3000/ HTTP/1.1 Mozilla/5.0 (Windows NT 6.1; Win64; x64) AppleWebKit/537.36 (KHTML, like Gecko) Chrome/63.0.3239.132 Safari/537.36]
[2018-02-23T10:36:21.672] [INFO] default - [::1 GET /css/style.css 304 1ms][http://localhost:3000/ HTTP/1.1 Mozilla/5.0 (Windows NT 6.1; Win64; x64) AppleWebKit/537.36 (KHTML, like Gecko) Chrome/63.0.3239.132 Safari/537.36]
[2018-02-23T10:36:21.675] [INFO] default - [::1 GET /css/magnific-popup.css 304 1ms][http://localhost:3000/ HTTP/1.1 Mozilla/5.0 (Windows NT 6.1; Win64; x64) AppleWebKit/537.36 (KHTML, like Gecko) Chrome/63.0.3239.132 Safari/537.36]
[2018-02-23T10:36:21.680] [INFO] default - [::1 GET /css/iconfont-style.css 304 1ms][http://localhost:3000/ HTTP/1.1 Mozilla/5.0 (Windows NT 6.1; Win64; x64) AppleWebKit/537.36 (KHTML, like Gecko) Chrome/63.0.3239.132 Safari/537.36]
[2018-02-23T10:36:21.701] [INFO] default - [::1 GET /lib/jquery-1.11.2.min.js 304 4ms][http://localhost:3000/ HTTP/1.1 Mozilla/5.0 (Windows NT 6.1; Win64; x64) AppleWebKit/537.36 (KHTML, like Gecko) Chrome/63.0.3239.132 Safari/537.36]
[2018-02-23T10:36:21.702] [INFO] default - [::1 GET /lib/bootstrap.min.js 304 2ms][http://localhost:3000/ HTTP/1.1 Mozilla/5.0 (Windows NT 6.1; Win64; x64) AppleWebKit/537.36 (KHTML, like Gecko) Chrome/63.0.3239.132 Safari/537.36]
[2018-02-23T10:36:21.703] [INFO] default - [::1 GET /lib/jquery.validate.min.js 304 1ms][http://localhost:3000/ HTTP/1.1 Mozilla/5.0 (Windows NT 6.1; Win64; x64) AppleWebKit/537.36 (KHTML, like Gecko) Chrome/63.0.3239.132 Safari/537.36]
[2018-02-23T10:36:21.705] [INFO] default - [::1 GET /lib/smoothscroll.js 304 1ms][http://localhost:3000/ HTTP/1.1 Mozilla/5.0 (Windows NT 6.1; Win64; x64) AppleWebKit/537.36 (KHTML, like Gecko) Chrome/63.0.3239.132 Safari/537.36]
[2018-02-23T10:36:21.710] [INFO] default - [::1 GET /lib/placeholders.jquery.min.js 304 0ms][http://localhost:3000/ HTTP/1.1 Mozilla/5.0 (Windows NT 6.1; Win64; x64) AppleWebKit/537.36 (KHTML, like Gecko) Chrome/63.0.3239.132 Safari/537.36]
[2018-02-23T10:36:21.714] [INFO] default - [::1 GET /fonts/iconfont.woff?-8vg322 304 3ms][http://localhost:3000/css/iconfont-style.css HTTP/1.1 Mozilla/5.0 (Windows NT 6.1; Win64; x64) AppleWebKit/537.36 (KHTML, like Gecko) Chrome/63.0.3239.132 Safari/537.36]
[2018-02-23T10:36:21.715] [INFO] default - [::1 GET /lib/jquery.magnific-popup.min.js 304 2ms][http://localhost:3000/ HTTP/1.1 Mozilla/5.0 (Windows NT 6.1; Win64; x64) AppleWebKit/537.36 (KHTML, like Gecko) Chrome/63.0.3239.132 Safari/537.36]
[2018-02-23T10:36:21.716] [INFO] default - [::1 GET /lib/jquery.counterup.min.js 304 1ms][http://localhost:3000/ HTTP/1.1 Mozilla/5.0 (Windows NT 6.1; Win64; x64) AppleWebKit/537.36 (KHTML, like Gecko) Chrome/63.0.3239.132 Safari/537.36]
[2018-02-23T10:36:21.720] [INFO] default - [::1 GET /lib/waypoints.min.js 304 0ms][http://localhost:3000/ HTTP/1.1 Mozilla/5.0 (Windows NT 6.1; Win64; x64) AppleWebKit/537.36 (KHTML, like Gecko) Chrome/63.0.3239.132 Safari/537.36]
[2018-02-23T10:36:21.724] [INFO] default - [::1 GET /lib/video.js 304 1ms][http://localhost:3000/ HTTP/1.1 Mozilla/5.0 (Windows NT 6.1; Win64; x64) AppleWebKit/537.36 (KHTML, like Gecko) Chrome/63.0.3239.132 Safari/537.36]
[2018-02-23T10:36:21.728] [INFO] default - [::1 GET /lib/bigvideo.js 304 1ms][http://localhost:3000/ HTTP/1.1 Mozilla/5.0 (Windows NT 6.1; Win64; x64) AppleWebKit/537.36 (KHTML, like Gecko) Chrome/63.0.3239.132 Safari/537.36]
[2018-02-23T10:36:21.731] [INFO] default - [::1 GET /lib/custom.js 304 1ms][http://localhost:3000/ HTTP/1.1 Mozilla/5.0 (Windows NT 6.1; Win64; x64) AppleWebKit/537.36 (KHTML, like Gecko) Chrome/63.0.3239.132 Safari/537.36]
[2018-02-23T10:36:21.733] [INFO] default - [::1 GET /scripts/index.js 304 1ms][http://localhost:3000/ HTTP/1.1 Mozilla/5.0 (Windows NT 6.1; Win64; x64) AppleWebKit/537.36 (KHTML, like Gecko) Chrome/63.0.3239.132 Safari/537.36]
[2018-02-23T10:36:21.733] [INFO] default - [::1 GET /images/logo.png 304 1ms][http://localhost:3000/ HTTP/1.1 Mozilla/5.0 (Windows NT 6.1; Win64; x64) AppleWebKit/537.36 (KHTML, like Gecko) Chrome/63.0.3239.132 Safari/537.36]
[2018-02-23T10:36:21.736] [INFO] default - [::1 GET /images/kid-notebook-computer-learns-159533.jpeg 304 0ms][http://localhost:3000/ HTTP/1.1 Mozilla/5.0 (Windows NT 6.1; Win64; x64) AppleWebKit/537.36 (KHTML, like Gecko) Chrome/63.0.3239.132 Safari/537.36]
[2018-02-23T10:36:21.748] [INFO] default - [::1 GET /lib/jquery.smooth-scroll.min.js 304 41ms][http://localhost:3000/ HTTP/1.1 Mozilla/5.0 (Windows NT 6.1; Win64; x64) AppleWebKit/537.36 (KHTML, like Gecko) Chrome/63.0.3239.132 Safari/537.36]
[2018-02-23T10:36:21.758] [INFO] default - [::1 GET /images/center-block-bg2.png 304 5ms][http://localhost:3000/ HTTP/1.1 Mozilla/5.0 (Windows NT 6.1; Win64; x64) AppleWebKit/537.36 (KHTML, like Gecko) Chrome/63.0.3239.132 Safari/537.36]
[2018-02-23T10:36:21.760] [INFO] default - [::1 GET /images/customer-photo.jpg 304 9ms][http://localhost:3000/ HTTP/1.1 Mozilla/5.0 (Windows NT 6.1; Win64; x64) AppleWebKit/537.36 (KHTML, like Gecko) Chrome/63.0.3239.132 Safari/537.36]
[2018-02-23T10:36:21.762] [INFO] default - [::1 GET /images/pattern-bg2.png 304 7ms][http://localhost:3000/ HTTP/1.1 Mozilla/5.0 (Windows NT 6.1; Win64; x64) AppleWebKit/537.36 (KHTML, like Gecko) Chrome/63.0.3239.132 Safari/537.36]
[2018-02-23T10:36:21.762] [INFO] default - [::1 GET /images/gym-2.jpg 304 5ms][http://localhost:3000/ HTTP/1.1 Mozilla/5.0 (Windows NT 6.1; Win64; x64) AppleWebKit/537.36 (KHTML, like Gecko) Chrome/63.0.3239.132 Safari/537.36]
[2018-02-23T10:36:21.763] [INFO] default - [::1 GET /images/gym-1.jpg 304 7ms][http://localhost:3000/ HTTP/1.1 Mozilla/5.0 (Windows NT 6.1; Win64; x64) AppleWebKit/537.36 (KHTML, like Gecko) Chrome/63.0.3239.132 Safari/537.36]
[2018-02-23T10:36:21.764] [INFO] default - [::1 GET /images/gym-3.jpg 304 3ms][http://localhost:3000/ HTTP/1.1 Mozilla/5.0 (Windows NT 6.1; Win64; x64) AppleWebKit/537.36 (KHTML, like Gecko) Chrome/63.0.3239.132 Safari/537.36]
[2018-02-23T10:36:21.768] [INFO] default - [::1 GET /images/gym-4.jpg 304 1ms][http://localhost:3000/ HTTP/1.1 Mozilla/5.0 (Windows NT 6.1; Win64; x64) AppleWebKit/537.36 (KHTML, like Gecko) Chrome/63.0.3239.132 Safari/537.36]
[2018-02-23T10:36:21.770] [INFO] default - [::1 GET /images/bg-map.jpg 304 2ms][http://localhost:3000/ HTTP/1.1 Mozilla/5.0 (Windows NT 6.1; Win64; x64) AppleWebKit/537.36 (KHTML, like Gecko) Chrome/63.0.3239.132 Safari/537.36]
[2018-02-23T10:36:22.121] [INFO] default - [::1 GET /images/favicons/favicon.png 200 2ms][http://localhost:3000/ HTTP/1.1 Mozilla/5.0 (Windows NT 6.1; Win64; x64) AppleWebKit/537.36 (KHTML, like Gecko) Chrome/63.0.3239.132 Safari/537.36]
[2018-02-23T14:45:12.825] [INFO] default - [::1 GET / 304 3ms][ HTTP/1.1 Mozilla/5.0 (Windows NT 6.1; Win64; x64) AppleWebKit/537.36 (KHTML, like Gecko) Chrome/63.0.3239.132 Safari/537.36]
[2018-02-23T14:45:13.456] [INFO] default - [::1 GET /css/bootstrap.css 304 3ms][http://localhost:3000/ HTTP/1.1 Mozilla/5.0 (Windows NT 6.1; Win64; x64) AppleWebKit/537.36 (KHTML, like Gecko) Chrome/63.0.3239.132 Safari/537.36]
[2018-02-23T14:45:13.457] [INFO] default - [::1 GET /css/style.css 304 3ms][http://localhost:3000/ HTTP/1.1 Mozilla/5.0 (Windows NT 6.1; Win64; x64) AppleWebKit/537.36 (KHTML, like Gecko) Chrome/63.0.3239.132 Safari/537.36]
[2018-02-23T14:45:13.458] [INFO] default - [::1 GET /css/magnific-popup.css 304 4ms][http://localhost:3000/ HTTP/1.1 Mozilla/5.0 (Windows NT 6.1; Win64; x64) AppleWebKit/537.36 (KHTML, like Gecko) Chrome/63.0.3239.132 Safari/537.36]
[2018-02-23T14:45:13.459] [INFO] default - [::1 GET /css/iconfont-style.css 304 4ms][http://localhost:3000/ HTTP/1.1 Mozilla/5.0 (Windows NT 6.1; Win64; x64) AppleWebKit/537.36 (KHTML, like Gecko) Chrome/63.0.3239.132 Safari/537.36]
[2018-02-23T14:45:13.468] [INFO] default - [::1 GET /lib/jquery-1.11.2.min.js 304 0ms][http://localhost:3000/ HTTP/1.1 Mozilla/5.0 (Windows NT 6.1; Win64; x64) AppleWebKit/537.36 (KHTML, like Gecko) Chrome/63.0.3239.132 Safari/537.36]
[2018-02-23T14:45:13.475] [INFO] default - [::1 GET /lib/bootstrap.min.js 304 1ms][http://localhost:3000/ HTTP/1.1 Mozilla/5.0 (Windows NT 6.1; Win64; x64) AppleWebKit/537.36 (KHTML, like Gecko) Chrome/63.0.3239.132 Safari/537.36]
[2018-02-23T14:45:13.485] [INFO] default - [::1 GET /lib/jquery.validate.min.js 304 1ms][http://localhost:3000/ HTTP/1.1 Mozilla/5.0 (Windows NT 6.1; Win64; x64) AppleWebKit/537.36 (KHTML, like Gecko) Chrome/63.0.3239.132 Safari/537.36]
[2018-02-23T14:45:13.491] [INFO] default - [::1 GET /lib/smoothscroll.js 304 1ms][http://localhost:3000/ HTTP/1.1 Mozilla/5.0 (Windows NT 6.1; Win64; x64) AppleWebKit/537.36 (KHTML, like Gecko) Chrome/63.0.3239.132 Safari/537.36]
[2018-02-23T14:45:13.506] [INFO] default - [::1 GET /lib/jquery.smooth-scroll.min.js 304 1ms][http://localhost:3000/ HTTP/1.1 Mozilla/5.0 (Windows NT 6.1; Win64; x64) AppleWebKit/537.36 (KHTML, like Gecko) Chrome/63.0.3239.132 Safari/537.36]
[2018-02-23T14:45:13.510] [INFO] default - [::1 GET /lib/placeholders.jquery.min.js 304 2ms][http://localhost:3000/ HTTP/1.1 Mozilla/5.0 (Windows NT 6.1; Win64; x64) AppleWebKit/537.36 (KHTML, like Gecko) Chrome/63.0.3239.132 Safari/537.36]
[2018-02-23T14:45:13.513] [INFO] default - [::1 GET /lib/jquery.counterup.min.js 304 4ms][http://localhost:3000/ HTTP/1.1 Mozilla/5.0 (Windows NT 6.1; Win64; x64) AppleWebKit/537.36 (KHTML, like Gecko) Chrome/63.0.3239.132 Safari/537.36]
[2018-02-23T14:45:13.514] [INFO] default - [::1 GET /lib/jquery.magnific-popup.min.js 304 5ms][http://localhost:3000/ HTTP/1.1 Mozilla/5.0 (Windows NT 6.1; Win64; x64) AppleWebKit/537.36 (KHTML, like Gecko) Chrome/63.0.3239.132 Safari/537.36]
[2018-02-23T14:45:13.517] [INFO] default - [::1 GET /lib/waypoints.min.js 304 6ms][http://localhost:3000/ HTTP/1.1 Mozilla/5.0 (Windows NT 6.1; Win64; x64) AppleWebKit/537.36 (KHTML, like Gecko) Chrome/63.0.3239.132 Safari/537.36]
[2018-02-23T14:45:13.519] [INFO] default - [::1 GET /lib/video.js 304 8ms][http://localhost:3000/ HTTP/1.1 Mozilla/5.0 (Windows NT 6.1; Win64; x64) AppleWebKit/537.36 (KHTML, like Gecko) Chrome/63.0.3239.132 Safari/537.36]
[2018-02-23T14:45:13.525] [INFO] default - [::1 GET /scripts/index.js 200 4ms][http://localhost:3000/ HTTP/1.1 Mozilla/5.0 (Windows NT 6.1; Win64; x64) AppleWebKit/537.36 (KHTML, like Gecko) Chrome/63.0.3239.132 Safari/537.36]
[2018-02-23T14:45:13.529] [INFO] default - [::1 GET /lib/custom.js 304 12ms][http://localhost:3000/ HTTP/1.1 Mozilla/5.0 (Windows NT 6.1; Win64; x64) AppleWebKit/537.36 (KHTML, like Gecko) Chrome/63.0.3239.132 Safari/537.36]
[2018-02-23T14:45:13.530] [INFO] default - [::1 GET /lib/bigvideo.js 304 16ms][http://localhost:3000/ HTTP/1.1 Mozilla/5.0 (Windows NT 6.1; Win64; x64) AppleWebKit/537.36 (KHTML, like Gecko) Chrome/63.0.3239.132 Safari/537.36]
[2018-02-23T14:45:13.534] [INFO] default - [::1 GET /images/logo.png 304 1ms][http://localhost:3000/ HTTP/1.1 Mozilla/5.0 (Windows NT 6.1; Win64; x64) AppleWebKit/537.36 (KHTML, like Gecko) Chrome/63.0.3239.132 Safari/537.36]
[2018-02-23T14:45:13.536] [INFO] default - [::1 GET /images/customer-photo.jpg 304 2ms][http://localhost:3000/ HTTP/1.1 Mozilla/5.0 (Windows NT 6.1; Win64; x64) AppleWebKit/537.36 (KHTML, like Gecko) Chrome/63.0.3239.132 Safari/537.36]
[2018-02-23T14:45:13.537] [INFO] default - [::1 GET /images/center-block-bg2.png 304 2ms][http://localhost:3000/ HTTP/1.1 Mozilla/5.0 (Windows NT 6.1; Win64; x64) AppleWebKit/537.36 (KHTML, like Gecko) Chrome/63.0.3239.132 Safari/537.36]
[2018-02-23T14:45:13.538] [INFO] default - [::1 GET /images/kid-notebook-computer-learns-159533.jpeg 304 3ms][http://localhost:3000/ HTTP/1.1 Mozilla/5.0 (Windows NT 6.1; Win64; x64) AppleWebKit/537.36 (KHTML, like Gecko) Chrome/63.0.3239.132 Safari/537.36]
[2018-02-23T14:45:13.539] [INFO] default - [::1 GET /images/pattern-bg2.png 304 1ms][http://localhost:3000/ HTTP/1.1 Mozilla/5.0 (Windows NT 6.1; Win64; x64) AppleWebKit/537.36 (KHTML, like Gecko) Chrome/63.0.3239.132 Safari/537.36]
[2018-02-23T14:45:13.542] [INFO] default - [::1 GET /images/gym-1.jpg 304 3ms][http://localhost:3000/ HTTP/1.1 Mozilla/5.0 (Windows NT 6.1; Win64; x64) AppleWebKit/537.36 (KHTML, like Gecko) Chrome/63.0.3239.132 Safari/537.36]
[2018-02-23T14:45:13.547] [INFO] default - [::1 GET /images/gym-2.jpg 304 1ms][http://localhost:3000/ HTTP/1.1 Mozilla/5.0 (Windows NT 6.1; Win64; x64) AppleWebKit/537.36 (KHTML, like Gecko) Chrome/63.0.3239.132 Safari/537.36]
[2018-02-23T14:45:13.549] [INFO] default - [::1 GET /images/gym-3.jpg 304 1ms][http://localhost:3000/ HTTP/1.1 Mozilla/5.0 (Windows NT 6.1; Win64; x64) AppleWebKit/537.36 (KHTML, like Gecko) Chrome/63.0.3239.132 Safari/537.36]
[2018-02-23T14:45:13.553] [INFO] default - [::1 GET /images/gym-4.jpg 304 1ms][http://localhost:3000/ HTTP/1.1 Mozilla/5.0 (Windows NT 6.1; Win64; x64) AppleWebKit/537.36 (KHTML, like Gecko) Chrome/63.0.3239.132 Safari/537.36]
[2018-02-23T14:45:13.554] [INFO] default - [::1 GET /images/bg-map.jpg 304 1ms][http://localhost:3000/ HTTP/1.1 Mozilla/5.0 (Windows NT 6.1; Win64; x64) AppleWebKit/537.36 (KHTML, like Gecko) Chrome/63.0.3239.132 Safari/537.36]
[2018-02-23T14:45:13.736] [INFO] default - [::1 GET /fonts/iconfont.woff?-8vg322 304 1ms][http://localhost:3000/css/iconfont-style.css HTTP/1.1 Mozilla/5.0 (Windows NT 6.1; Win64; x64) AppleWebKit/537.36 (KHTML, like Gecko) Chrome/63.0.3239.132 Safari/537.36]
[2018-02-23T15:17:03.675] [INFO] default - [::1 GET / 304 1ms][ HTTP/1.1 Mozilla/5.0 (Windows NT 6.1; Win64; x64) AppleWebKit/537.36 (KHTML, like Gecko) Chrome/63.0.3239.132 Safari/537.36]
[2018-02-23T15:17:04.196] [INFO] default - [::1 GET /css/bootstrap.css 304 1ms][http://localhost:3000/ HTTP/1.1 Mozilla/5.0 (Windows NT 6.1; Win64; x64) AppleWebKit/537.36 (KHTML, like Gecko) Chrome/63.0.3239.132 Safari/537.36]
[2018-02-23T15:17:04.203] [INFO] default - [::1 GET /css/style.css 304 3ms][http://localhost:3000/ HTTP/1.1 Mozilla/5.0 (Windows NT 6.1; Win64; x64) AppleWebKit/537.36 (KHTML, like Gecko) Chrome/63.0.3239.132 Safari/537.36]
[2018-02-23T15:17:04.208] [INFO] default - [::1 GET /css/magnific-popup.css 304 1ms][http://localhost:3000/ HTTP/1.1 Mozilla/5.0 (Windows NT 6.1; Win64; x64) AppleWebKit/537.36 (KHTML, like Gecko) Chrome/63.0.3239.132 Safari/537.36]
[2018-02-23T15:17:04.212] [INFO] default - [::1 GET /css/iconfont-style.css 304 1ms][http://localhost:3000/ HTTP/1.1 Mozilla/5.0 (Windows NT 6.1; Win64; x64) AppleWebKit/537.36 (KHTML, like Gecko) Chrome/63.0.3239.132 Safari/537.36]
[2018-02-23T15:17:04.215] [INFO] default - [::1 GET /images/logo.png 304 1ms][http://localhost:3000/ HTTP/1.1 Mozilla/5.0 (Windows NT 6.1; Win64; x64) AppleWebKit/537.36 (KHTML, like Gecko) Chrome/63.0.3239.132 Safari/537.36]
[2018-02-23T15:17:04.218] [INFO] default - [::1 GET /images/customer-photo.jpg 304 1ms][http://localhost:3000/ HTTP/1.1 Mozilla/5.0 (Windows NT 6.1; Win64; x64) AppleWebKit/537.36 (KHTML, like Gecko) Chrome/63.0.3239.132 Safari/537.36]
[2018-02-23T15:17:04.230] [INFO] default - [::1 GET /images/center-block-bg2.png 304 1ms][http://localhost:3000/ HTTP/1.1 Mozilla/5.0 (Windows NT 6.1; Win64; x64) AppleWebKit/537.36 (KHTML, like Gecko) Chrome/63.0.3239.132 Safari/537.36]
[2018-02-23T15:17:04.232] [INFO] default - [::1 GET /lib/jquery-1.11.2.min.js 304 1ms][http://localhost:3000/ HTTP/1.1 Mozilla/5.0 (Windows NT 6.1; Win64; x64) AppleWebKit/537.36 (KHTML, like Gecko) Chrome/63.0.3239.132 Safari/537.36]
[2018-02-23T15:17:04.238] [INFO] default - [::1 GET /lib/bootstrap.min.js 304 1ms][http://localhost:3000/ HTTP/1.1 Mozilla/5.0 (Windows NT 6.1; Win64; x64) AppleWebKit/537.36 (KHTML, like Gecko) Chrome/63.0.3239.132 Safari/537.36]
[2018-02-23T15:17:04.241] [INFO] default - [::1 GET /lib/jquery.validate.min.js 304 2ms][http://localhost:3000/ HTTP/1.1 Mozilla/5.0 (Windows NT 6.1; Win64; x64) AppleWebKit/537.36 (KHTML, like Gecko) Chrome/63.0.3239.132 Safari/537.36]
[2018-02-23T15:17:04.242] [INFO] default - [::1 GET /lib/smoothscroll.js 304 3ms][http://localhost:3000/ HTTP/1.1 Mozilla/5.0 (Windows NT 6.1; Win64; x64) AppleWebKit/537.36 (KHTML, like Gecko) Chrome/63.0.3239.132 Safari/537.36]
[2018-02-23T15:17:04.243] [INFO] default - [::1 GET /lib/jquery.smooth-scroll.min.js 304 2ms][http://localhost:3000/ HTTP/1.1 Mozilla/5.0 (Windows NT 6.1; Win64; x64) AppleWebKit/537.36 (KHTML, like Gecko) Chrome/63.0.3239.132 Safari/537.36]
[2018-02-23T15:17:04.247] [INFO] default - [::1 GET /lib/placeholders.jquery.min.js 304 3ms][http://localhost:3000/ HTTP/1.1 Mozilla/5.0 (Windows NT 6.1; Win64; x64) AppleWebKit/537.36 (KHTML, like Gecko) Chrome/63.0.3239.132 Safari/537.36]
[2018-02-23T15:17:04.247] [INFO] default - [::1 GET /lib/jquery.counterup.min.js 304 3ms][http://localhost:3000/ HTTP/1.1 Mozilla/5.0 (Windows NT 6.1; Win64; x64) AppleWebKit/537.36 (KHTML, like Gecko) Chrome/63.0.3239.132 Safari/537.36]
[2018-02-23T15:17:04.248] [INFO] default - [::1 GET /lib/jquery.magnific-popup.min.js 304 5ms][http://localhost:3000/ HTTP/1.1 Mozilla/5.0 (Windows NT 6.1; Win64; x64) AppleWebKit/537.36 (KHTML, like Gecko) Chrome/63.0.3239.132 Safari/537.36]
[2018-02-23T15:17:04.249] [INFO] default - [::1 GET /lib/waypoints.min.js 304 3ms][http://localhost:3000/ HTTP/1.1 Mozilla/5.0 (Windows NT 6.1; Win64; x64) AppleWebKit/537.36 (KHTML, like Gecko) Chrome/63.0.3239.132 Safari/537.36]
[2018-02-23T15:17:04.250] [INFO] default - [::1 GET /lib/video.js 304 2ms][http://localhost:3000/ HTTP/1.1 Mozilla/5.0 (Windows NT 6.1; Win64; x64) AppleWebKit/537.36 (KHTML, like Gecko) Chrome/63.0.3239.132 Safari/537.36]
[2018-02-23T15:17:04.251] [INFO] default - [::1 GET /lib/bigvideo.js 304 1ms][http://localhost:3000/ HTTP/1.1 Mozilla/5.0 (Windows NT 6.1; Win64; x64) AppleWebKit/537.36 (KHTML, like Gecko) Chrome/63.0.3239.132 Safari/537.36]
[2018-02-23T15:17:04.253] [INFO] default - [::1 GET /lib/custom.js 304 1ms][http://localhost:3000/ HTTP/1.1 Mozilla/5.0 (Windows NT 6.1; Win64; x64) AppleWebKit/537.36 (KHTML, like Gecko) Chrome/63.0.3239.132 Safari/537.36]
[2018-02-23T15:17:04.254] [INFO] default - [::1 GET /scripts/index.js 304 1ms][http://localhost:3000/ HTTP/1.1 Mozilla/5.0 (Windows NT 6.1; Win64; x64) AppleWebKit/537.36 (KHTML, like Gecko) Chrome/63.0.3239.132 Safari/537.36]
[2018-02-23T15:17:05.834] [INFO] default - [::1 GET /map 304 2ms][ HTTP/1.1 Mozilla/5.0 (Windows NT 6.1; Win64; x64) AppleWebKit/537.36 (KHTML, like Gecko) Chrome/63.0.3239.132 Safari/537.36]
[2018-02-23T15:17:06.407] [INFO] default - [::1 GET /scripts/map.js 304 10ms][http://localhost:3000/map HTTP/1.1 Mozilla/5.0 (Windows NT 6.1; Win64; x64) AppleWebKit/537.36 (KHTML, like Gecko) Chrome/63.0.3239.132 Safari/537.36]
[2018-02-23T15:17:06.564] [INFO] default - [::1 GET /api/schoolList?pageIndex=0&pageNum=10 304 9ms][http://localhost:3000/map HTTP/1.1 Mozilla/5.0 (Windows NT 6.1; Win64; x64) AppleWebKit/537.36 (KHTML, like Gecko) Chrome/63.0.3239.132 Safari/537.36]
[2018-02-23T15:21:05.086] [INFO] default - [::1 GET /map 200 9ms][ HTTP/1.1 Mozilla/5.0 (Windows NT 6.1; Win64; x64) AppleWebKit/537.36 (KHTML, like Gecko) Chrome/63.0.3239.132 Safari/537.36]
[2018-02-23T15:21:05.120] [INFO] default - [::1 GET /lib/jquery-1.11.2.min.js 200 4ms][http://localhost:3000/map HTTP/1.1 Mozilla/5.0 (Windows NT 6.1; Win64; x64) AppleWebKit/537.36 (KHTML, like Gecko) Chrome/63.0.3239.132 Safari/537.36]
[2018-02-23T15:21:05.122] [INFO] default - [::1 GET /lib/bootstrap-3.3.7/js/bootstrap.min.js 200 1ms][http://localhost:3000/map HTTP/1.1 Mozilla/5.0 (Windows NT 6.1; Win64; x64) AppleWebKit/537.36 (KHTML, like Gecko) Chrome/63.0.3239.132 Safari/537.36]
[2018-02-23T15:21:05.123] [INFO] default - [::1 GET /lib/bootstrap-3.3.7/css/bootstrap.css 200 7ms][http://localhost:3000/map HTTP/1.1 Mozilla/5.0 (Windows NT 6.1; Win64; x64) AppleWebKit/537.36 (KHTML, like Gecko) Chrome/63.0.3239.132 Safari/537.36]
[2018-02-23T15:21:05.144] [INFO] default - [::1 GET /scripts/map.js 200 7ms][http://localhost:3000/map HTTP/1.1 Mozilla/5.0 (Windows NT 6.1; Win64; x64) AppleWebKit/537.36 (KHTML, like Gecko) Chrome/63.0.3239.132 Safari/537.36]
[2018-02-23T15:21:05.485] [INFO] default - [::1 GET /api/schoolList?pageIndex=0&pageNum=10 200 8ms][http://localhost:3000/map HTTP/1.1 Mozilla/5.0 (Windows NT 6.1; Win64; x64) AppleWebKit/537.36 (KHTML, like Gecko) Chrome/63.0.3239.132 Safari/537.36]
[2018-02-23T15:21:05.875] [INFO] default - [::1 GET /images/favicons/favicon.png 200 2ms][http://localhost:3000/map HTTP/1.1 Mozilla/5.0 (Windows NT 6.1; Win64; x64) AppleWebKit/537.36 (KHTML, like Gecko) Chrome/63.0.3239.132 Safari/537.36]
[2018-02-23T15:21:07.663] [INFO] default - [::1 GET /map 304 1ms][ HTTP/1.1 Mozilla/5.0 (Windows NT 6.1; Win64; x64) AppleWebKit/537.36 (KHTML, like Gecko) Chrome/63.0.3239.132 Safari/537.36]
[2018-02-23T15:21:07.678] [INFO] default - [::1 GET /lib/jquery-1.11.2.min.js 304 1ms][http://localhost:3000/map HTTP/1.1 Mozilla/5.0 (Windows NT 6.1; Win64; x64) AppleWebKit/537.36 (KHTML, like Gecko) Chrome/63.0.3239.132 Safari/537.36]
[2018-02-23T15:21:07.680] [INFO] default - [::1 GET /lib/bootstrap-3.3.7/css/bootstrap.css 304 0ms][http://localhost:3000/map HTTP/1.1 Mozilla/5.0 (Windows NT 6.1; Win64; x64) AppleWebKit/537.36 (KHTML, like Gecko) Chrome/63.0.3239.132 Safari/537.36]
[2018-02-23T15:21:07.684] [INFO] default - [::1 GET /lib/bootstrap-3.3.7/js/bootstrap.min.js 304 4ms][http://localhost:3000/map HTTP/1.1 Mozilla/5.0 (Windows NT 6.1; Win64; x64) AppleWebKit/537.36 (KHTML, like Gecko) Chrome/63.0.3239.132 Safari/537.36]
[2018-02-23T15:21:07.686] [INFO] default - [::1 GET /scripts/map.js 304 1ms][http://localhost:3000/map HTTP/1.1 Mozilla/5.0 (Windows NT 6.1; Win64; x64) AppleWebKit/537.36 (KHTML, like Gecko) Chrome/63.0.3239.132 Safari/537.36]
[2018-02-23T15:21:07.809] [INFO] default - [::1 GET /api/schoolList?pageIndex=0&pageNum=10 304 1ms][http://localhost:3000/map HTTP/1.1 Mozilla/5.0 (Windows NT 6.1; Win64; x64) AppleWebKit/537.36 (KHTML, like Gecko) Chrome/63.0.3239.132 Safari/537.36]
[2018-02-23T15:21:08.033] [INFO] default - [::1 GET /images/favicons/favicon.png 200 1ms][http://localhost:3000/map HTTP/1.1 Mozilla/5.0 (Windows NT 6.1; Win64; x64) AppleWebKit/537.36 (KHTML, like Gecko) Chrome/63.0.3239.132 Safari/537.36]
[2018-02-23T15:21:08.843] [INFO] default - [::1 GET /map 304 1ms][ HTTP/1.1 Mozilla/5.0 (Windows NT 6.1; Win64; x64) AppleWebKit/537.36 (KHTML, like Gecko) Chrome/63.0.3239.132 Safari/537.36]
[2018-02-23T15:21:08.860] [INFO] default - [::1 GET /lib/jquery-1.11.2.min.js 304 1ms][http://localhost:3000/map HTTP/1.1 Mozilla/5.0 (Windows NT 6.1; Win64; x64) AppleWebKit/537.36 (KHTML, like Gecko) Chrome/63.0.3239.132 Safari/537.36]
[2018-02-23T15:21:08.870] [INFO] default - [::1 GET /lib/bootstrap-3.3.7/css/bootstrap.css 304 4ms][http://localhost:3000/map HTTP/1.1 Mozilla/5.0 (Windows NT 6.1; Win64; x64) AppleWebKit/537.36 (KHTML, like Gecko) Chrome/63.0.3239.132 Safari/537.36]
[2018-02-23T15:21:08.871] [INFO] default - [::1 GET /lib/bootstrap-3.3.7/js/bootstrap.min.js 304 4ms][http://localhost:3000/map HTTP/1.1 Mozilla/5.0 (Windows NT 6.1; Win64; x64) AppleWebKit/537.36 (KHTML, like Gecko) Chrome/63.0.3239.132 Safari/537.36]
[2018-02-23T15:21:08.871] [INFO] default - [::1 GET /scripts/map.js 304 4ms][http://localhost:3000/map HTTP/1.1 Mozilla/5.0 (Windows NT 6.1; Win64; x64) AppleWebKit/537.36 (KHTML, like Gecko) Chrome/63.0.3239.132 Safari/537.36]
[2018-02-23T15:21:08.965] [INFO] default - [::1 GET /api/schoolList?pageIndex=0&pageNum=10 304 2ms][http://localhost:3000/map HTTP/1.1 Mozilla/5.0 (Windows NT 6.1; Win64; x64) AppleWebKit/537.36 (KHTML, like Gecko) Chrome/63.0.3239.132 Safari/537.36]
[2018-02-23T15:21:09.658] [INFO] default - [::1 GET /images/favicons/favicon.png 200 1ms][http://localhost:3000/map HTTP/1.1 Mozilla/5.0 (Windows NT 6.1; Win64; x64) AppleWebKit/537.36 (KHTML, like Gecko) Chrome/63.0.3239.132 Safari/537.36]
[2018-02-23T15:21:11.609] [INFO] default - [::1 GET /map 304 3ms][ HTTP/1.1 Mozilla/5.0 (Windows NT 6.1; Win64; x64) AppleWebKit/537.36 (KHTML, like Gecko) Chrome/63.0.3239.132 Safari/537.36]
[2018-02-23T15:21:11.624] [INFO] default - [::1 GET /lib/jquery-1.11.2.min.js 304 1ms][http://localhost:3000/map HTTP/1.1 Mozilla/5.0 (Windows NT 6.1; Win64; x64) AppleWebKit/537.36 (KHTML, like Gecko) Chrome/63.0.3239.132 Safari/537.36]
[2018-02-23T15:21:11.627] [INFO] default - [::1 GET /lib/bootstrap-3.3.7/css/bootstrap.css 304 1ms][http://localhost:3000/map HTTP/1.1 Mozilla/5.0 (Windows NT 6.1; Win64; x64) AppleWebKit/537.36 (KHTML, like Gecko) Chrome/63.0.3239.132 Safari/537.36]
[2018-02-23T15:21:11.628] [INFO] default - [::1 GET /lib/bootstrap-3.3.7/js/bootstrap.min.js 304 1ms][http://localhost:3000/map HTTP/1.1 Mozilla/5.0 (Windows NT 6.1; Win64; x64) AppleWebKit/537.36 (KHTML, like Gecko) Chrome/63.0.3239.132 Safari/537.36]
[2018-02-23T15:21:11.629] [INFO] default - [::1 GET /scripts/map.js 304 0ms][http://localhost:3000/map HTTP/1.1 Mozilla/5.0 (Windows NT 6.1; Win64; x64) AppleWebKit/537.36 (KHTML, like Gecko) Chrome/63.0.3239.132 Safari/537.36]
[2018-02-23T15:21:11.767] [INFO] default - [::1 GET /api/schoolList?pageIndex=0&pageNum=10 304 21ms][http://localhost:3000/map HTTP/1.1 Mozilla/5.0 (Windows NT 6.1; Win64; x64) AppleWebKit/537.36 (KHTML, like Gecko) Chrome/63.0.3239.132 Safari/537.36]
[2018-02-23T15:21:11.929] [INFO] default - [::1 GET /images/favicons/favicon.png 200 4ms][http://localhost:3000/map HTTP/1.1 Mozilla/5.0 (Windows NT 6.1; Win64; x64) AppleWebKit/537.36 (KHTML, like Gecko) Chrome/63.0.3239.132 Safari/537.36]
[2018-02-23T15:21:12.473] [INFO] default - [::1 GET /map 304 0ms][ HTTP/1.1 Mozilla/5.0 (Windows NT 6.1; Win64; x64) AppleWebKit/537.36 (KHTML, like Gecko) Chrome/63.0.3239.132 Safari/537.36]
[2018-02-23T15:21:12.494] [INFO] default - [::1 GET /lib/jquery-1.11.2.min.js 304 2ms][http://localhost:3000/map HTTP/1.1 Mozilla/5.0 (Windows NT 6.1; Win64; x64) AppleWebKit/537.36 (KHTML, like Gecko) Chrome/63.0.3239.132 Safari/537.36]
[2018-02-23T15:21:12.495] [INFO] default - [::1 GET /lib/bootstrap-3.3.7/css/bootstrap.css 304 1ms][http://localhost:3000/map HTTP/1.1 Mozilla/5.0 (Windows NT 6.1; Win64; x64) AppleWebKit/537.36 (KHTML, like Gecko) Chrome/63.0.3239.132 Safari/537.36]
[2018-02-23T15:21:12.495] [INFO] default - [::1 GET /lib/bootstrap-3.3.7/js/bootstrap.min.js 304 2ms][http://localhost:3000/map HTTP/1.1 Mozilla/5.0 (Windows NT 6.1; Win64; x64) AppleWebKit/537.36 (KHTML, like Gecko) Chrome/63.0.3239.132 Safari/537.36]
[2018-02-23T15:21:12.496] [INFO] default - [::1 GET /scripts/map.js 304 0ms][http://localhost:3000/map HTTP/1.1 Mozilla/5.0 (Windows NT 6.1; Win64; x64) AppleWebKit/537.36 (KHTML, like Gecko) Chrome/63.0.3239.132 Safari/537.36]
[2018-02-23T15:21:12.583] [INFO] default - [::1 GET /api/schoolList?pageIndex=0&pageNum=10 304 1ms][http://localhost:3000/map HTTP/1.1 Mozilla/5.0 (Windows NT 6.1; Win64; x64) AppleWebKit/537.36 (KHTML, like Gecko) Chrome/63.0.3239.132 Safari/537.36]
[2018-02-23T15:21:12.746] [INFO] default - [::1 GET /images/favicons/favicon.png 200 3ms][http://localhost:3000/map HTTP/1.1 Mozilla/5.0 (Windows NT 6.1; Win64; x64) AppleWebKit/537.36 (KHTML, like Gecko) Chrome/63.0.3239.132 Safari/537.36]
[2018-02-23T15:21:13.393] [INFO] default - [::1 GET /map 304 0ms][ HTTP/1.1 Mozilla/5.0 (Windows NT 6.1; Win64; x64) AppleWebKit/537.36 (KHTML, like Gecko) Chrome/63.0.3239.132 Safari/537.36]
[2018-02-23T15:21:13.411] [INFO] default - [::1 GET /lib/jquery-1.11.2.min.js 304 3ms][http://localhost:3000/map HTTP/1.1 Mozilla/5.0 (Windows NT 6.1; Win64; x64) AppleWebKit/537.36 (KHTML, like Gecko) Chrome/63.0.3239.132 Safari/537.36]
[2018-02-23T15:21:13.412] [INFO] default - [::1 GET /lib/bootstrap-3.3.7/css/bootstrap.css 304 2ms][http://localhost:3000/map HTTP/1.1 Mozilla/5.0 (Windows NT 6.1; Win64; x64) AppleWebKit/537.36 (KHTML, like Gecko) Chrome/63.0.3239.132 Safari/537.36]
[2018-02-23T15:21:13.413] [INFO] default - [::1 GET /lib/bootstrap-3.3.7/js/bootstrap.min.js 304 1ms][http://localhost:3000/map HTTP/1.1 Mozilla/5.0 (Windows NT 6.1; Win64; x64) AppleWebKit/537.36 (KHTML, like Gecko) Chrome/63.0.3239.132 Safari/537.36]
[2018-02-23T15:21:13.419] [INFO] default - [::1 GET /scripts/map.js 304 1ms][http://localhost:3000/map HTTP/1.1 Mozilla/5.0 (Windows NT 6.1; Win64; x64) AppleWebKit/537.36 (KHTML, like Gecko) Chrome/63.0.3239.132 Safari/537.36]
[2018-02-23T15:21:13.524] [INFO] default - [::1 GET /api/schoolList?pageIndex=0&pageNum=10 304 1ms][http://localhost:3000/map HTTP/1.1 Mozilla/5.0 (Windows NT 6.1; Win64; x64) AppleWebKit/537.36 (KHTML, like Gecko) Chrome/63.0.3239.132 Safari/537.36]
[2018-02-23T15:21:13.688] [INFO] default - [::1 GET /images/favicons/favicon.png 200 2ms][http://localhost:3000/map HTTP/1.1 Mozilla/5.0 (Windows NT 6.1; Win64; x64) AppleWebKit/537.36 (KHTML, like Gecko) Chrome/63.0.3239.132 Safari/537.36]
[2018-02-23T15:21:19.572] [INFO] default - [::1 GET /lib/bootstrap-3.3.7/css/bootstrap.css 304 1ms][http://localhost:3000/map HTTP/1.1 Mozilla/5.0 (Windows NT 6.1; Win64; x64) AppleWebKit/537.36 (KHTML, like Gecko) Chrome/63.0.3239.132 Safari/537.36]
[2018-02-23T15:21:19.625] [INFO] default - [::1 GET /lib/bootstrap-3.3.7/css/bootstrap.css.map 200 9ms][ HTTP/1.1 Mozilla/5.0 (Windows NT 6.1; Win64; x64) AppleWebKit/537.36 (KHTML, like Gecko) Chrome/63.0.3239.132 Safari/537.36]
[2018-02-23T15:23:47.450] [INFO] default - [::1 GET /map 200 12ms][ HTTP/1.1 Mozilla/5.0 (Windows NT 6.1; Win64; x64) AppleWebKit/537.36 (KHTML, like Gecko) Chrome/63.0.3239.132 Safari/537.36]
[2018-02-23T15:23:47.471] [INFO] default - [::1 GET /lib/jquery-1.11.2.min.js 200 4ms][http://localhost:3000/map HTTP/1.1 Mozilla/5.0 (Windows NT 6.1; Win64; x64) AppleWebKit/537.36 (KHTML, like Gecko) Chrome/63.0.3239.132 Safari/537.36]
[2018-02-23T15:23:47.473] [INFO] default - [::1 GET /scripts/map.js 200 3ms][http://localhost:3000/map HTTP/1.1 Mozilla/5.0 (Windows NT 6.1; Win64; x64) AppleWebKit/537.36 (KHTML, like Gecko) Chrome/63.0.3239.132 Safari/537.36]
[2018-02-23T15:23:49.548] [INFO] default - [::1 GET /api/schoolList?pageIndex=0&pageNum=10 200 8ms][http://localhost:3000/map HTTP/1.1 Mozilla/5.0 (Windows NT 6.1; Win64; x64) AppleWebKit/537.36 (KHTML, like Gecko) Chrome/63.0.3239.132 Safari/537.36]
[2018-02-23T15:23:49.868] [INFO] default - [::1 GET /images/favicons/favicon.png 200 1ms][http://localhost:3000/map HTTP/1.1 Mozilla/5.0 (Windows NT 6.1; Win64; x64) AppleWebKit/537.36 (KHTML, like Gecko) Chrome/63.0.3239.132 Safari/537.36]
[2018-02-23T15:25:11.645] [INFO] default - [::1 GET /map 304 3ms][ HTTP/1.1 Mozilla/5.0 (Windows NT 6.1; Win64; x64) AppleWebKit/537.36 (KHTML, like Gecko) Chrome/63.0.3239.132 Safari/537.36]
[2018-02-23T15:25:11.659] [INFO] default - [::1 GET /lib/jquery-1.11.2.min.js 304 1ms][http://localhost:3000/map HTTP/1.1 Mozilla/5.0 (Windows NT 6.1; Win64; x64) AppleWebKit/537.36 (KHTML, like Gecko) Chrome/63.0.3239.132 Safari/537.36]
[2018-02-23T15:25:11.662] [INFO] default - [::1 GET /scripts/map.js 304 1ms][http://localhost:3000/map HTTP/1.1 Mozilla/5.0 (Windows NT 6.1; Win64; x64) AppleWebKit/537.36 (KHTML, like Gecko) Chrome/63.0.3239.132 Safari/537.36]
[2018-02-23T15:25:11.795] [INFO] default - [::1 GET /api/schoolList?pageIndex=0&pageNum=10 304 1ms][http://localhost:3000/map HTTP/1.1 Mozilla/5.0 (Windows NT 6.1; Win64; x64) AppleWebKit/537.36 (KHTML, like Gecko) Chrome/63.0.3239.132 Safari/537.36]
[2018-02-23T15:25:12.082] [INFO] default - [::1 GET /images/favicons/favicon.png 200 2ms][http://localhost:3000/map HTTP/1.1 Mozilla/5.0 (Windows NT 6.1; Win64; x64) AppleWebKit/537.36 (KHTML, like Gecko) Chrome/63.0.3239.132 Safari/537.36]
